
Naive Bayes con distribuciones normales:
Cantidad de entradas:2
Cantidad de clases:2
Archivo de patrones: temp_d/dos_elipses
Cantidad total de patrones: 500
Cantidad de patrones de entrenamiento: 500
Cantidad de patrones de validacion: 0
Cantidad de patrones de test: 2000
Semilla para la funcion rand(): -2136937587
Cantidad de bins: 10
clase: 0,feature: 0  MaxVal: 0.499969 
clase: 0,feature: 0  MinVal: -0.498016 
clase: 0,feature: 1  MaxVal: 0.495880 
clase: 0,feature: 1  MinVal: -0.499969 
clase: 1,feature: 0  MaxVal: 0.381897 
clase: 1,feature: 0  MinVal: -0.392578 
clase: 1,feature: 1  MaxVal: 0.255615 
clase: 1,feature: 1  MinVal: -0.242188 ntotal 500:
histograma 0 0 6 1:
ntotal 500:
histograma 0 1 2 1:
ntotal 500:
histograma 0 0 4 1:
ntotal 500:
histograma 0 1 5 1:
ntotal 500:
histograma 1 0 8 1:
ntotal 500:
histograma 1 1 3 1:
ntotal 500:
histograma 0 0 1 1:
ntotal 500:
histograma 0 1 9 1:
ntotal 500:
histograma 0 0 7 1:
ntotal 500:
histograma 0 1 8 1:
ntotal 500:
histograma 1 0 8 2:
ntotal 500:
histograma 1 1 4 1:
ntotal 500:
histograma 0 0 0 1:
ntotal 500:
histograma 0 1 2 2:
ntotal 500:
histograma 0 0 3 1:
ntotal 500:
histograma 0 1 9 2:
ntotal 500:
histograma 0 0 5 1:
ntotal 500:
histograma 0 1 4 1:
ntotal 500:
histograma 0 0 4 2:
ntotal 500:
histograma 0 1 5 2:
ntotal 500:
histograma 1 0 0 1:
ntotal 500:
histograma 1 1 7 1:
ntotal 500:
histograma 1 0 8 3:
ntotal 500:
histograma 1 1 2 1:
ntotal 500:
histograma 1 0 6 1:
ntotal 500:
histograma 1 1 5 1:
ntotal 500:
histograma 0 0 0 2:
ntotal 500:
histograma 0 1 7 1:
ntotal 500:
histograma 0 0 5 2:
ntotal 500:
histograma 0 1 3 1:
ntotal 500:
histograma 1 0 2 1:
ntotal 500:
histograma 1 1 8 1:
ntotal 500:
histograma 0 0 0 3:
ntotal 500:
histograma 0 1 0 1:
ntotal 500:
histograma 1 0 8 4:
ntotal 500:
histograma 1 1 9 1:
ntotal 500:
histograma 0 0 5 3:
ntotal 500:
histograma 0 1 3 2:
ntotal 500:
histograma 0 0 3 2:
ntotal 500:
histograma 0 1 1 1:
ntotal 500:
histograma 1 0 2 2:
ntotal 500:
histograma 1 1 8 2:
ntotal 500:
histograma 0 0 8 1:
ntotal 500:
histograma 0 1 0 2:
ntotal 500:
histograma 0 0 7 2:
ntotal 500:
histograma 0 1 1 2:
ntotal 500:
histograma 0 0 0 4:
ntotal 500:
histograma 0 1 2 3:
ntotal 500:
histograma 0 0 0 5:
ntotal 500:
histograma 0 1 6 1:
ntotal 500:
histograma 0 0 0 6:
ntotal 500:
histograma 0 1 6 2:
ntotal 500:
histograma 0 0 1 2:
ntotal 500:
histograma 0 1 1 3:
ntotal 500:
histograma 0 0 4 3:
ntotal 500:
histograma 0 1 0 3:
ntotal 500:
histograma 0 0 4 4:
ntotal 500:
histograma 0 1 1 4:
ntotal 500:
histograma 0 0 8 2:
ntotal 500:
histograma 0 1 9 3:
ntotal 500:
histograma 0 0 9 1:
ntotal 500:
histograma 0 1 0 4:
ntotal 500:
histograma 0 0 0 7:
ntotal 500:
histograma 0 1 7 2:
ntotal 500:
histograma 1 0 2 3:
ntotal 500:
histograma 1 1 4 2:
ntotal 500:
histograma 0 0 0 8:
ntotal 500:
histograma 0 1 6 3:
ntotal 500:
histograma 0 0 6 2:
ntotal 500:
histograma 0 1 2 4:
ntotal 500:
histograma 0 0 4 5:
ntotal 500:
histograma 0 1 9 4:
ntotal 500:
histograma 1 0 8 5:
ntotal 500:
histograma 1 1 5 2:
ntotal 500:
histograma 0 0 7 3:
ntotal 500:
histograma 0 1 1 5:
ntotal 500:
histograma 0 0 1 3:
ntotal 500:
histograma 0 1 2 5:
ntotal 500:
histograma 1 0 3 1:
ntotal 500:
histograma 1 1 5 3:
ntotal 500:
histograma 0 0 0 9:
ntotal 500:
histograma 0 1 5 3:
ntotal 500:
histograma 0 0 0 10:
ntotal 500:
histograma 0 1 0 5:
ntotal 500:
histograma 0 0 9 2:
ntotal 500:
histograma 0 1 2 6:
ntotal 500:
histograma 0 0 3 3:
ntotal 500:
histograma 0 1 8 2:
ntotal 500:
histograma 1 0 0 2:
ntotal 500:
histograma 1 1 2 2:
ntotal 500:
histograma 0 0 5 4:
ntotal 500:
histograma 0 1 6 4:
ntotal 500:
histograma 0 0 0 11:
ntotal 500:
histograma 0 1 7 3:
ntotal 500:
histograma 1 0 8 6:
ntotal 500:
histograma 1 1 1 1:
ntotal 500:
histograma 0 0 2 1:
ntotal 500:
histograma 0 1 1 6:
ntotal 500:
histograma 0 0 8 3:
ntotal 500:
histograma 0 1 8 3:
ntotal 500:
histograma 0 0 0 12:
ntotal 500:
histograma 0 1 0 6:
ntotal 500:
histograma 1 0 9 1:
ntotal 500:
histograma 1 1 5 4:
ntotal 500:
histograma 0 0 1 4:
ntotal 500:
histograma 0 1 8 4:
ntotal 500:
histograma 0 0 3 4:
ntotal 500:
histograma 0 1 2 7:
ntotal 500:
histograma 0 0 0 13:
ntotal 500:
histograma 0 1 8 5:
ntotal 500:
histograma 1 0 3 2:
ntotal 500:
histograma 1 1 4 3:
ntotal 500:
histograma 0 0 5 5:
ntotal 500:
histograma 0 1 2 8:
ntotal 500:
histograma 0 0 7 4:
ntotal 500:
histograma 0 1 7 4:
ntotal 500:
histograma 0 0 0 14:
ntotal 500:
histograma 0 1 1 7:
ntotal 500:
histograma 1 0 9 2:
ntotal 500:
histograma 1 1 2 3:
ntotal 500:
histograma 0 0 0 15:
ntotal 500:
histograma 0 1 8 6:
ntotal 500:
histograma 0 0 0 16:
ntotal 500:
histograma 0 1 5 4:
ntotal 500:
histograma 1 0 8 7:
ntotal 500:
histograma 1 1 7 2:
ntotal 500:
histograma 0 0 9 3:
ntotal 500:
histograma 0 1 6 5:
ntotal 500:
histograma 0 0 3 5:
ntotal 500:
histograma 0 1 7 5:
ntotal 500:
histograma 0 0 5 6:
ntotal 500:
histograma 0 1 9 5:
ntotal 500:
histograma 1 0 9 3:
ntotal 500:
histograma 1 1 6 1:
ntotal 500:
histograma 1 0 9 4:
ntotal 500:
histograma 1 1 6 2:
ntotal 500:
histograma 0 0 9 4:
ntotal 500:
histograma 0 1 4 2:
ntotal 500:
histograma 0 0 2 2:
ntotal 500:
histograma 0 1 9 6:
ntotal 500:
histograma 0 0 4 6:
ntotal 500:
histograma 0 1 0 7:
ntotal 500:
histograma 0 0 0 17:
ntotal 500:
histograma 0 1 0 8:
ntotal 500:
histograma 0 0 7 5:
ntotal 500:
histograma 0 1 1 8:
ntotal 500:
histograma 0 0 1 5:
ntotal 500:
histograma 0 1 1 9:
ntotal 500:
histograma 0 0 2 3:
ntotal 500:
histograma 0 1 9 7:
ntotal 500:
histograma 1 0 2 4:
ntotal 500:
histograma 1 1 7 3:
ntotal 500:
histograma 1 0 0 3:
ntotal 500:
histograma 1 1 4 4:
ntotal 500:
histograma 0 0 3 6:
ntotal 500:
histograma 0 1 1 10:
ntotal 500:
histograma 1 0 2 5:
ntotal 500:
histograma 1 1 5 5:
ntotal 500:
histograma 0 0 9 5:
ntotal 500:
histograma 0 1 6 6:
ntotal 500:
histograma 1 0 0 4:
ntotal 500:
histograma 1 1 5 6:
ntotal 500:
histograma 0 0 4 7:
ntotal 500:
histograma 0 1 8 7:
ntotal 500:
histograma 0 0 5 7:
ntotal 500:
histograma 0 1 2 9:
ntotal 500:
histograma 1 0 8 8:
ntotal 500:
histograma 1 1 5 7:
ntotal 500:
histograma 0 0 5 8:
ntotal 500:
histograma 0 1 5 5:
ntotal 500:
histograma 0 0 2 4:
ntotal 500:
histograma 0 1 8 8:
ntotal 500:
histograma 1 0 9 5:
ntotal 500:
histograma 1 1 4 5:
ntotal 500:
histograma 0 0 2 5:
ntotal 500:
histograma 0 1 8 9:
ntotal 500:
histograma 0 0 0 18:
ntotal 500:
histograma 0 1 1 11:
ntotal 500:
histograma 0 0 5 9:
ntotal 500:
histograma 0 1 3 3:
ntotal 500:
histograma 0 0 5 10:
ntotal 500:
histograma 0 1 5 6:
ntotal 500:
histograma 0 0 9 6:
ntotal 500:
histograma 0 1 3 4:
ntotal 500:
histograma 1 0 1 1:
ntotal 500:
histograma 1 1 6 3:
ntotal 500:
histograma 1 0 1 2:
ntotal 500:
histograma 1 1 0 1:
ntotal 500:
histograma 1 0 0 5:
ntotal 500:
histograma 1 1 1 2:
ntotal 500:
histograma 1 0 1 3:
ntotal 500:
histograma 1 1 7 4:
ntotal 500:
histograma 0 0 4 8:
ntotal 500:
histograma 0 1 9 8:
ntotal 500:
histograma 1 0 1 4:
ntotal 500:
histograma 1 1 2 4:
ntotal 500:
histograma 0 0 5 11:
ntotal 500:
histograma 0 1 4 3:
ntotal 500:
histograma 0 0 9 7:
ntotal 500:
histograma 0 1 3 5:
ntotal 500:
histograma 1 0 1 5:
ntotal 500:
histograma 1 1 2 5:
ntotal 500:
histograma 1 0 8 9:
ntotal 500:
histograma 1 1 8 3:
ntotal 500:
histograma 0 0 6 3:
ntotal 500:
histograma 0 1 1 12:
ntotal 500:
histograma 0 0 0 19:
ntotal 500:
histograma 0 1 1 13:
ntotal 500:
histograma 1 0 1 6:
ntotal 500:
histograma 1 1 5 8:
ntotal 500:
histograma 0 0 9 8:
ntotal 500:
histograma 0 1 9 9:
ntotal 500:
histograma 0 0 0 20:
ntotal 500:
histograma 0 1 9 10:
ntotal 500:
histograma 0 0 0 21:
ntotal 500:
histograma 0 1 7 6:
ntotal 500:
histograma 0 0 6 4:
ntotal 500:
histograma 0 1 7 7:
ntotal 500:
histograma 0 0 6 5:
ntotal 500:
histograma 0 1 6 7:
ntotal 500:
histograma 0 0 9 9:
ntotal 500:
histograma 0 1 7 8:
ntotal 500:
histograma 0 0 1 6:
ntotal 500:
histograma 0 1 7 9:
ntotal 500:
histograma 0 0 1 7:
ntotal 500:
histograma 0 1 8 10:
ntotal 500:
histograma 1 0 10 1:
ntotal 500:
histograma 1 1 3 2:
ntotal 500:
histograma 1 0 8 10:
ntotal 500:
histograma 1 1 4 6:
ntotal 500:
histograma 1 0 7 1:
ntotal 500:
histograma 1 1 7 5:
ntotal 500:
histograma 0 0 5 12:
ntotal 500:
histograma 0 1 9 11:
ntotal 500:
histograma 0 0 5 13:
ntotal 500:
histograma 0 1 3 6:
ntotal 500:
histograma 0 0 5 14:
ntotal 500:
histograma 0 1 3 7:
ntotal 500:
histograma 0 0 0 22:
ntotal 500:
histograma 0 1 7 10:
ntotal 500:
histograma 1 0 9 6:
ntotal 500:
histograma 1 1 7 6:
ntotal 500:
histograma 0 0 6 6:
ntotal 500:
histograma 0 1 3 8:
ntotal 500:
histograma 0 0 3 7:
ntotal 500:
histograma 0 1 7 11:
ntotal 500:
histograma 0 0 8 4:
ntotal 500:
histograma 0 1 6 8:
ntotal 500:
histograma 0 0 6 7:
ntotal 500:
histograma 0 1 0 9:
ntotal 500:
histograma 1 0 1 7:
ntotal 500:
histograma 1 1 0 2:
ntotal 500:
histograma 0 0 3 8:
ntotal 500:
histograma 0 1 0 10:
ntotal 500:
histograma 1 0 0 6:
ntotal 500:
histograma 1 1 7 7:
ntotal 500:
histograma 1 0 6 2:
ntotal 500:
histograma 1 1 4 7:
ntotal 500:
histograma 0 0 0 23:
ntotal 500:
histograma 0 1 1 14:
ntotal 500:
histograma 1 0 1 8:
ntotal 500:
histograma 1 1 2 6:
ntotal 500:
histograma 0 0 0 24:
ntotal 500:
histograma 0 1 4 4:
ntotal 500:
histograma 1 0 0 7:
ntotal 500:
histograma 1 1 0 3:
ntotal 500:
histograma 0 0 0 25:
ntotal 500:
histograma 0 1 8 11:
ntotal 500:
histograma 0 0 6 8:
ntotal 500:
histograma 0 1 7 12:
ntotal 500:
histograma 0 0 3 9:
ntotal 500:
histograma 0 1 2 10:
ntotal 500:
histograma 1 0 2 6:
ntotal 500:
histograma 1 1 3 3:
ntotal 500:
histograma 0 0 3 10:
ntotal 500:
histograma 0 1 1 15:
ntotal 500:
histograma 1 0 9 7:
ntotal 500:
histograma 1 1 2 7:
ntotal 500:
histograma 1 0 7 2:
ntotal 500:
histograma 1 1 7 8:
ntotal 500:
histograma 0 0 9 10:
ntotal 500:
histograma 0 1 6 9:
ntotal 500:
histograma 0 0 0 26:
ntotal 500:
histograma 0 1 0 11:
ntotal 500:
histograma 0 0 6 9:
ntotal 500:
histograma 0 1 8 12:
ntotal 500:
histograma 0 0 4 9:
ntotal 500:
histograma 0 1 4 5:
ntotal 500:
histograma 0 0 1 8:
ntotal 500:
histograma 0 1 3 9:
ntotal 500:
histograma 1 0 8 11:
ntotal 500:
histograma 1 1 5 9:
ntotal 500:
histograma 0 0 1 9:
ntotal 500:
histograma 0 1 1 16:
ntotal 500:
histograma 1 0 2 7:
ntotal 500:
histograma 1 1 6 4:
ntotal 500:
histograma 0 0 2 6:
ntotal 500:
histograma 0 1 9 12:
ntotal 500:
histograma 0 0 9 11:
ntotal 500:
histograma 0 1 1 17:
ntotal 500:
histograma 0 0 9 12:
ntotal 500:
histograma 0 1 5 7:
ntotal 500:
histograma 1 0 6 3:
ntotal 500:
histograma 1 1 3 4:
ntotal 500:
histograma 0 0 6 10:
ntotal 500:
histograma 0 1 0 12:
ntotal 500:
histograma 0 0 4 10:
ntotal 500:
histograma 0 1 0 13:
ntotal 500:
histograma 0 0 5 15:
ntotal 500:
histograma 0 1 1 18:
ntotal 500:
histograma 0 0 5 16:
ntotal 500:
histograma 0 1 6 10:
ntotal 500:
histograma 0 0 3 11:
ntotal 500:
histograma 0 1 4 6:
ntotal 500:
histograma 0 0 6 11:
ntotal 500:
histograma 0 1 0 14:
ntotal 500:
histograma 0 0 9 13:
ntotal 500:
histograma 0 1 1 19:
ntotal 500:
histograma 0 0 4 11:
ntotal 500:
histograma 0 1 0 15:
ntotal 500:
histograma 0 0 5 17:
ntotal 500:
histograma 0 1 2 11:
ntotal 500:
histograma 0 0 4 12:
ntotal 500:
histograma 0 1 9 13:
ntotal 500:
histograma 0 0 0 27:
ntotal 500:
histograma 0 1 4 7:
ntotal 500:
histograma 1 0 6 4:
ntotal 500:
histograma 1 1 2 8:
ntotal 500:
histograma 0 0 8 5:
ntotal 500:
histograma 0 1 8 13:
ntotal 500:
histograma 0 0 4 13:
ntotal 500:
histograma 0 1 4 8:
ntotal 500:
histograma 0 0 0 28:
ntotal 500:
histograma 0 1 7 13:
ntotal 500:
histograma 0 0 6 12:
ntotal 500:
histograma 0 1 0 16:
ntotal 500:
histograma 0 0 5 18:
ntotal 500:
histograma 0 1 1 20:
ntotal 500:
histograma 0 0 6 13:
ntotal 500:
histograma 0 1 8 14:
ntotal 500:
histograma 0 0 5 19:
ntotal 500:
histograma 0 1 4 9:
ntotal 500:
histograma 0 0 6 14:
ntotal 500:
histograma 0 1 2 12:
ntotal 500:
histograma 0 0 1 10:
ntotal 500:
histograma 0 1 2 13:
ntotal 500:
histograma 0 0 9 14:
ntotal 500:
histograma 0 1 4 10:
ntotal 500:
histograma 0 0 8 6:
ntotal 500:
histograma 0 1 0 17:
ntotal 500:
histograma 0 0 2 7:
ntotal 500:
histograma 0 1 7 14:
ntotal 500:
histograma 0 0 4 14:
ntotal 500:
histograma 0 1 5 8:
ntotal 500:
histograma 1 0 1 9:
ntotal 500:
histograma 1 1 7 9:
ntotal 500:
histograma 0 0 5 20:
ntotal 500:
histograma 0 1 9 14:
ntotal 500:
histograma 0 0 1 11:
ntotal 500:
histograma 0 1 7 15:
ntotal 500:
histograma 0 0 6 15:
ntotal 500:
histograma 0 1 0 18:
ntotal 500:
histograma 0 0 4 15:
ntotal 500:
histograma 0 1 9 15:
ntotal 500:
histograma 1 0 3 3:
ntotal 500:
histograma 1 1 1 3:
ntotal 500:
histograma 1 0 1 10:
ntotal 500:
histograma 1 1 0 4:
ntotal 500:
histograma 1 0 7 3:
ntotal 500:
histograma 1 1 6 5:
ntotal 500:
histograma 0 0 0 29:
ntotal 500:
histograma 0 1 3 10:
ntotal 500:
histograma 0 0 1 12:
ntotal 500:
histograma 0 1 0 19:
ntotal 500:
histograma 0 0 0 30:
ntotal 500:
histograma 0 1 8 15:
ntotal 500:
histograma 1 0 2 8:
ntotal 500:
histograma 1 1 4 8:
ntotal 500:
histograma 1 0 3 4:
ntotal 500:
histograma 1 1 7 10:
ntotal 500:
histograma 1 0 0 8:
ntotal 500:
histograma 1 1 2 9:
ntotal 500:
histograma 0 0 2 8:
ntotal 500:
histograma 0 1 7 16:
ntotal 500:
histograma 1 0 2 9:
ntotal 500:
histograma 1 1 8 4:
ntotal 500:
histograma 0 0 3 12:
ntotal 500:
histograma 0 1 1 21:
ntotal 500:
histograma 0 0 5 21:
ntotal 500:
histograma 0 1 0 20:
ntotal 500:
histograma 0 0 8 7:
ntotal 500:
histograma 0 1 3 11:
ntotal 500:
histograma 0 0 8 8:
ntotal 500:
histograma 0 1 1 22:
ntotal 500:
histograma 0 0 9 15:
ntotal 500:
histograma 0 1 9 16:
ntotal 500:
histograma 0 0 7 6:
ntotal 500:
histograma 0 1 1 23:
ntotal 500:
histograma 0 0 9 16:
ntotal 500:
histograma 0 1 9 17:
ntotal 500:
histograma 0 0 0 31:
ntotal 500:
histograma 0 1 5 9:
ntotal 500:
histograma 0 0 5 22:
ntotal 500:
histograma 0 1 6 11:
ntotal 500:
histograma 0 0 7 7:
ntotal 500:
histograma 0 1 0 21:
ntotal 500:
histograma 0 0 9 17:
ntotal 500:
histograma 0 1 2 14:
ntotal 500:
histograma 0 0 5 23:
ntotal 500:
histograma 0 1 9 18:
ntotal 500:
histograma 0 0 9 18:
ntotal 500:
histograma 0 1 8 16:
ntotal 500:
histograma 0 0 6 16:
ntotal 500:
histograma 0 1 8 17:
ntotal 500:
histograma 0 0 5 24:
ntotal 500:
histograma 0 1 5 10:
ntotal 500:
histograma 0 0 0 32:
ntotal 500:
histograma 0 1 6 12:
ntotal 500:
histograma 0 0 9 19:
ntotal 500:
histograma 0 1 8 18:
ntotal 500:
histograma 0 0 1 13:
ntotal 500:
histograma 0 1 0 22:
ntotal 500:
histograma 0 0 9 20:
ntotal 500:
histograma 0 1 1 24:
ntotal 500:
histograma 0 0 8 9:
ntotal 500:
histograma 0 1 9 19:
ntotal 500:
histograma 0 0 6 17:
ntotal 500:
histograma 0 1 9 20:
ntotal 500:
histograma 0 0 4 16:
ntotal 500:
histograma 0 1 7 17:
ntotal 500:
histograma 1 0 7 4:
ntotal 500:
histograma 1 1 3 5:
ntotal 500:
histograma 1 0 7 5:
ntotal 500:
histograma 1 1 8 5:
ntotal 500:
histograma 0 0 0 33:
ntotal 500:
histograma 0 1 7 18:
ntotal 500:
histograma 0 0 0 34:
ntotal 500:
histograma 0 1 0 23:
ntotal 500:
histograma 0 0 3 13:
ntotal 500:
histograma 0 1 7 19:
ntotal 500:
histograma 0 0 4 17:
ntotal 500:
histograma 0 1 5 11:
ntotal 500:
histograma 0 0 9 21:
ntotal 500:
histograma 0 1 6 13:
ntotal 500:
histograma 0 0 5 25:
ntotal 500:
histograma 0 1 0 24:
ntotal 500:
histograma 0 0 3 14:
ntotal 500:
histograma 0 1 2 15:
ntotal 500:
histograma 0 0 5 26:
ntotal 500:
histograma 0 1 7 20:
ntotal 500:
histograma 1 0 1 11:
ntotal 500:
histograma 1 1 3 6:
ntotal 500:
histograma 0 0 8 10:
ntotal 500:
histograma 0 1 1 25:
ntotal 500:
histograma 0 0 4 18:
ntotal 500:
histograma 0 1 9 21:
ntotal 500:
histograma 1 0 2 10:
ntotal 500:
histograma 1 1 8 6:
ntotal 500:
histograma 1 0 8 12:
ntotal 500:
histograma 1 1 0 5:
ntotal 500:
histograma 0 0 4 19:
ntotal 500:
histograma 0 1 6 14:
ntotal 500:
histograma 0 0 9 22:
ntotal 500:
histograma 0 1 7 21:
ntotal 500:
histograma 0 0 2 9:
ntotal 500:
histograma 0 1 8 19:
ntotal 500:
histograma 0 0 3 15:
ntotal 500:
histograma 0 1 8 20:
ntotal 500:
histograma 1 0 1 12:
ntotal 500:
histograma 1 1 6 6:
ntotal 500:
histograma 1 0 1 13:
ntotal 500:
histograma 1 1 2 10:
ntotal 500:
histograma 1 0 0 9:
ntotal 500:
histograma 1 1 8 7:
ntotal 500:
histograma 1 0 2 11:
ntotal 500:
histograma 1 1 7 11:
ntotal 500:
histograma 1 0 1 14:
ntotal 500:
histograma 1 1 2 11:
ntotal 500:
histograma 0 0 7 8:
ntotal 500:
histograma 0 1 8 21:
ntotal 500:
histograma 1 0 1 15:
ntotal 500:
histograma 1 1 3 7:
ntotal 500:
histograma 1 0 0 10:
ntotal 500:
histograma 1 1 6 7:
ntotal 500:
histograma 0 0 0 35:
ntotal 500:
histograma 0 1 3 12:
ntotal 500:
histograma 0 0 2 10:
ntotal 500:
histograma 0 1 9 22:
ntotal 500:
histograma 0 0 7 9:
ntotal 500:
histograma 0 1 0 25:
ntotal 500:
histograma 0 0 8 11:
ntotal 500:
histograma 0 1 7 22:
ntotal 500:
histograma 0 0 4 20:
ntotal 500:
histograma 0 1 2 16:
ntotal 500:
histograma 1 0 3 5:
ntotal 500:
histograma 1 1 3 8:
ntotal 500:
histograma 0 0 9 23:
ntotal 500:
histograma 0 1 3 13:
ntotal 500:
histograma 0 0 5 27:
ntotal 500:
histograma 0 1 1 26:
ntotal 500:
histograma 0 0 2 11:
ntotal 500:
histograma 0 1 1 27:
ntotal 500:
histograma 0 0 5 28:
ntotal 500:
histograma 0 1 8 22:
ntotal 500:
histograma 0 0 5 29:
ntotal 500:
histograma 0 1 1 28:
ntotal 500:
histograma 0 0 3 16:
ntotal 500:
histograma 0 1 3 14:
ntotal 500:
histograma 0 0 2 12:
ntotal 500:
histograma 0 1 0 26:
ntotal 500:
histograma 0 0 9 24:
ntotal 500:
histograma 0 1 5 12:
ntotal 500:
histograma 0 0 4 21:
ntotal 500:
histograma 0 1 7 23:
ntotal 500:
histograma 0 0 9 25:
ntotal 500:
histograma 0 1 1 29:
ntotal 500:
histograma 0 0 5 30:
ntotal 500:
histograma 0 1 4 11:
ntotal 500:
histograma 0 0 4 22:
ntotal 500:
histograma 0 1 2 17:
ntotal 500:
histograma 0 0 6 18:
ntotal 500:
histograma 0 1 7 24:
ntotal 500:
histograma 0 0 8 12:
ntotal 500:
histograma 0 1 9 23:
ntotal 500:
histograma 1 0 0 11:
ntotal 500:
histograma 1 1 6 8:
ntotal 500:
histograma 0 0 5 31:
ntotal 500:
histograma 0 1 6 15:
ntotal 500:
histograma 0 0 0 36:
ntotal 500:
histograma 0 1 8 23:
ntotal 500:
histograma 0 0 9 26:
ntotal 500:
histograma 0 1 9 24:
ntotal 500:
histograma 0 0 5 32:
ntotal 500:
histograma 0 1 9 25:
ntotal 500:
histograma 1 0 3 6:
ntotal 500:
histograma 1 1 1 4:
ntotal 500:
histograma 0 0 3 17:
ntotal 500:
histograma 0 1 9 26:
ntotal 500:
histograma 1 0 9 8:
ntotal 500:
histograma 1 1 4 9:
ntotal 500:
histograma 0 0 5 33:
ntotal 500:
histograma 0 1 1 30:
ntotal 500:
histograma 1 0 9 9:
ntotal 500:
histograma 1 1 1 5:
ntotal 500:
histograma 0 0 9 27:
ntotal 500:
histograma 0 1 9 27:
ntotal 500:
histograma 0 0 4 23:
ntotal 500:
histograma 0 1 9 28:
ntotal 500:
histograma 0 0 3 18:
ntotal 500:
histograma 0 1 0 27:
ntotal 500:
histograma 0 0 8 13:
ntotal 500:
histograma 0 1 1 31:
ntotal 500:
histograma 0 0 7 10:
ntotal 500:
histograma 0 1 1 32:
ntotal 500:
histograma 0 0 4 24:
ntotal 500:
histograma 0 1 6 16:
ntotal 500:
histograma 0 0 3 19:
ntotal 500:
histograma 0 1 7 25:
ntotal 500:
histograma 0 0 0 37:
ntotal 500:
histograma 0 1 2 18:
ntotal 500:
histograma 0 0 2 13:
ntotal 500:
histograma 0 1 2 19:
ntotal 500:
histograma 0 0 8 14:
ntotal 500:
histograma 0 1 8 24:
ntotal 500:
histograma 0 0 7 11:
ntotal 500:
histograma 0 1 1 33:
ntotal 500:
histograma 0 0 5 34:
ntotal 500:
histograma 0 1 6 17:
ntotal 500:
histograma 1 0 9 10:
ntotal 500:
histograma 1 1 7 12:
ntotal 500:
histograma 0 0 0 38:
ntotal 500:
histograma 0 1 0 28:
ntotal 500:
histograma 0 0 0 39:
ntotal 500:
histograma 0 1 5 13:
ntotal 500:
histograma 0 0 6 19:
ntotal 500:
histograma 0 1 8 25:
ntotal 500:
histograma 0 0 4 25:
ntotal 500:
histograma 0 1 6 18:
ntotal 500:
histograma 0 0 8 15:
ntotal 500:
histograma 0 1 0 29:
ntotal 500:
histograma 0 0 7 12:
ntotal 500:
histograma 0 1 8 26:
ntotal 500:
histograma 0 0 5 35:
ntotal 500:
histograma 0 1 9 29:
ntotal 500:
histograma 0 0 9 28:
ntotal 500:
histograma 0 1 7 26:
ntotal 500:
histograma 0 0 5 36:
ntotal 500:
histograma 0 1 8 27:
ntotal 500:
histograma 1 0 2 12:
ntotal 500:
histograma 1 1 5 10:
ntotal 500:
histograma 1 0 3 7:
ntotal 500:
histograma 1 1 6 9:
ntotal 500:
histograma 0 0 0 40:
ntotal 500:
histograma 0 1 8 28:
ntotal 500:
histograma 0 0 6 20:
ntotal 500:
histograma 0 1 2 20:
ntotal 500:
histograma 1 0 6 5:
ntotal 500:
histograma 1 1 5 11:
ntotal 500:
histograma 0 0 9 29:
ntotal 500:
histograma 0 1 0 30:
ntotal 500:
histograma 0 0 1 14:
ntotal 500:
histograma 0 1 8 29:
ntotal 500:
histograma 0 0 7 13:
ntotal 500:
histograma 0 1 8 30:
ntotal 500:
histograma 0 0 0 41:
ntotal 500:
histograma 0 1 2 21:
ntotal 500:
histograma 1 0 1 16:
ntotal 500:
histograma 1 1 0 6:
ntotal 500:
histograma 0 0 4 26:
ntotal 500:
histograma 0 1 8 31:
ntotal 500:
histograma 0 0 0 42:
ntotal 500:
histograma 0 1 4 12:
ntotal 500:
histograma 0 0 0 43:
ntotal 500:
histograma 0 1 9 30:
ntotal 500:
histograma 0 0 2 14:
ntotal 500:
histograma 0 1 1 34:
ntotal 500:
histograma 0 0 5 37:
ntotal 500:
histograma 0 1 6 19:
ntotal 500:
histograma 1 0 6 6:
ntotal 500:
histograma 1 1 2 12:
ntotal 500:
histograma 1 0 2 13:
ntotal 500:
histograma 1 1 8 8:
ntotal 500:
histograma 0 0 0 44:
ntotal 500:
histograma 0 1 5 14:
ntotal 500:
histograma 1 0 8 13:
ntotal 500:
histograma 1 1 0 7:
ntotal 500:
histograma 0 0 2 15:
ntotal 500:
histograma 0 1 7 27:
ntotal 500:
histograma 0 0 3 20:
ntotal 500:
histograma 0 1 0 31:
ntotal 500:
histograma 0 0 4 27:
ntotal 500:
histograma 0 1 6 20:
ntotal 500:
histograma 0 0 9 30:
ntotal 500:
histograma 0 1 7 28:
ntotal 500:
histograma 0 0 0 45:
ntotal 500:
histograma 0 1 9 31:
ntotal 500:
histograma 0 0 10 1:
ntotal 500:
histograma 0 1 5 15:
ntotal 500:
histograma 1 0 7 6:
ntotal 500:
histograma 1 1 0 8:
ntotal 500:
histograma 0 0 9 31:
ntotal 500:
histograma 0 1 8 32:
ntotal 500:
histograma 0 0 0 46:
ntotal 500:
histograma 0 1 3 15:
ntotal 500:
histograma 0 0 9 32:
ntotal 500:
histograma 0 1 7 29:
ntotal 500:
histograma 0 0 8 16:
ntotal 500:
histograma 0 1 0 32:
ntotal 500:
histograma 0 0 8 17:
ntotal 500:
histograma 0 1 9 32:
ntotal 500:
histograma 1 0 7 7:
ntotal 500:
histograma 1 1 2 13:
ntotal 500:
histograma 0 0 9 33:
ntotal 500:
histograma 0 1 6 21:
ntotal 500:
histograma 0 0 5 38:
ntotal 500:
histograma 0 1 7 30:
ntotal 500:
histograma 1 0 2 14:
ntotal 500:
histograma 1 1 5 12:
ntotal 500:
histograma 0 0 1 15:
ntotal 500:
histograma 0 1 1 35:
ntotal 500:
histograma 0 0 0 47:
ntotal 500:
histograma 0 1 2 22:
ntotal 500:
histograma 0 0 8 18:
ntotal 500:
histograma 0 1 9 33:
ntotal 500:
histograma 0 0 9 34:
ntotal 500:
histograma 0 1 6 22:
ntotal 500:
histograma 1 0 7 8:
ntotal 500:
histograma 1 1 5 13:
ntotal 500:
histograma 0 0 6 21:
ntotal 500:
histograma 0 1 1 36:
ntotal 500:
histograma 0 0 9 35:
ntotal 500:
histograma 0 1 2 23:
ntotal 500:
histograma 1 0 8 14:
ntotal 500:
histograma 1 1 0 9:
ntotal 500:
histograma 0 0 5 39:
ntotal 500:
histograma 0 1 0 33:
ntotal 500:
histograma 0 0 3 21:
ntotal 500:
histograma 0 1 2 24:
ntotal 500:
histograma 1 0 0 12:
ntotal 500:
histograma 1 1 7 13:
ntotal 500:
histograma 0 0 5 40:
ntotal 500:
histograma 0 1 3 16:
ntotal 500:
histograma 0 0 0 48:
ntotal 500:
histograma 0 1 0 34:
ntotal 500:
histograma 0 0 0 49:
ntotal 500:
histograma 0 1 10 1:
ntotal 500:
histograma 1 0 2 15:
ntotal 500:
histograma 1 1 1 6:
ntotal 500:
histograma 0 0 3 22:
ntotal 500:
histograma 0 1 0 35:
ntotal 500:
histograma 1 0 0 13:
ntotal 500:
histograma 1 1 1 7:
ntotal 500:
histograma 1 0 1 17:
ntotal 500:
histograma 1 1 5 14:
ntotal 500:
histograma 0 0 0 50:
ntotal 500:
histograma 0 1 1 37:
ntotal 500:
histograma 1 0 0 14:
ntotal 500:
histograma 1 1 6 10:
ntotal 500:
histograma 1 0 9 11:
ntotal 500:
histograma 1 1 9 2:
ntotal 500:
histograma 1 0 8 15:
ntotal 500:
histograma 1 1 0 10:
ntotal 500:
histograma 0 0 8 19:
ntotal 500:
histograma 0 1 1 38:
ntotal 500:
histograma 0 0 3 23:
ntotal 500:
histograma 0 1 2 25:
ntotal 500:
histograma 0 0 7 14:
ntotal 500:
histograma 0 1 9 34:
ntotal 500:
histograma 0 0 3 24:
ntotal 500:
histograma 0 1 2 26:
ntotal 500:
histograma 0 0 9 36:
ntotal 500:
histograma 0 1 2 27:
ntotal 500:
histograma 0 0 2 16:
ntotal 500:
histograma 0 1 8 33:
ntotal 500:
histograma 0 0 5 41:
ntotal 500:
histograma 0 1 6 23:
ntotal 500:
histograma 0 0 6 22:
ntotal 500:
histograma 0 1 8 34:
ntotal 500:
histograma 0 0 6 23:
ntotal 500:
histograma 0 1 0 36:
ntotal 500:
histograma 1 0 1 18:
ntotal 500:
histograma 1 1 2 14:
ntotal 500:
histograma 0 0 7 15:
ntotal 500:
histograma 0 1 0 37:
ntotal 500:
histograma 1 0 7 9:
ntotal 500:
histograma 1 1 1 8:
ntotal 500:
histograma 0 0 8 20:
ntotal 500:
histograma 0 1 1 39:
ntotal 500:
histograma 0 0 5 42:
ntotal 500:
histograma 0 1 5 16:
ntotal 500:
histograma 0 0 9 37:
ntotal 500:
histograma 0 1 8 35:
ntotal 500:
histograma 0 0 6 24:
ntotal 500:
histograma 0 1 1 40:
ntotal 500:
histograma 1 0 2 16:
ntotal 500:
histograma 1 1 6 11:
ntotal 500:
histograma 0 0 0 51:
ntotal 500:
histograma 0 1 0 38:
ntotal 500:
histograma 1 0 1 19:
ntotal 500:
histograma 1 1 2 15:
ntotal 500:
histograma 1 0 1 20:
ntotal 500:
histograma 1 1 8 9:
ntotal 500:
histograma 0 0 0 52:
ntotal 500:
histograma 0 1 0 39:
ntotal 500:
histograma 0 0 4 28:
ntotal 500:
histograma 0 1 6 24:
ntotal 500:
histograma 1 0 7 10:
ntotal 500:
histograma 1 1 4 10:
ntotal 500:
histograma 0 0 9 38:
ntotal 500:
histograma 0 1 1 41:
ntotal 500:
histograma 0 0 0 53:
ntotal 500:
histograma 0 1 1 42:
ntotal 500:
histograma 0 0 0 54:
ntotal 500:
histograma 0 1 5 17:
ntotal 500:
histograma 1 0 7 11:
ntotal 500:
histograma 1 1 3 9:
ntotal 500:
histograma 0 0 1 16:
ntotal 500:
histograma 0 1 7 31:
ntotal 500:
histograma 0 0 7 16:
ntotal 500:
histograma 0 1 0 40:
ntotal 500:
histograma 0 0 9 39:
ntotal 500:
histograma 0 1 9 35:
ntotal 500:
histograma 1 0 2 17:
ntotal 500:
histograma 1 1 1 9:
ntotal 500:
histograma 0 0 5 43:
ntotal 500:
histograma 0 1 5 18:
ntotal 500:
histograma 1 0 1 21:
ntotal 500:
histograma 1 1 5 15:
ntotal 500:
histograma 0 0 8 21:
ntotal 500:
histograma 0 1 3 17:
ntotal 500:
histograma 0 0 9 40:
ntotal 500:
histograma 0 1 0 41:
ntotal 500:
histograma 0 0 5 44:
ntotal 500:
histograma 0 1 9 36:
ntotal 500:
histograma 1 0 0 15:
ntotal 500:
histograma 1 1 8 10:
ntotal 500:
histograma 0 0 9 41:
ntotal 500:
histograma 0 1 5 19:
ntotal 500:
histograma 0 0 1 17:
ntotal 500:
histograma 0 1 0 42:
ntotal 500:
histograma 0 0 4 29:
ntotal 500:
histograma 0 1 0 43:
ntotal 500:
histograma 1 0 8 16:
ntotal 500:
histograma 1 1 8 11:
ntotal 500:
histograma 0 0 7 17:
ntotal 500:
histograma 0 1 0 44:
ntotal 500:
histograma 1 0 2 18:
ntotal 500:
histograma 1 1 5 16:
ntotal 500:
histograma 0 0 9 42:
ntotal 500:
histograma 0 1 8 36:
ntotal 500:
histograma 0 0 7 18:
ntotal 500:
histograma 0 1 9 37:
ntotal 500:
histograma 0 0 6 25:
ntotal 500:
histograma 0 1 8 37:
ntotal 500:
histograma 1 0 2 19:
ntotal 500:
histograma 1 1 8 12:
ntotal 500:
histograma 1 0 0 16:
ntotal 500:
histograma 1 1 6 12:
ntotal 500:
histograma 0 0 3 25:
ntotal 500:
histograma 0 1 7 32:
ntotal 500:
histograma 0 0 4 30:
ntotal 500:
histograma 0 1 1 43:
ntotal 500:
histograma 1 0 7 12:
ntotal 500:
histograma 1 1 2 16:
ntotal 500:
histograma 0 0 9 43:
ntotal 500:
histograma 0 1 5 20:
ntotal 500:
histograma 0 0 9 44:
ntotal 500:
histograma 0 1 3 18:
ntotal 500:
histograma 1 0 6 7:
ntotal 500:
histograma 1 1 2 17:
ntotal 500:
histograma 0 0 2 17:
ntotal 500:
histograma 0 1 8 38:
ntotal 500:
histograma 0 0 7 19:
ntotal 500:
histograma 0 1 1 44:
ntotal 500:
histograma 0 0 1 18:
ntotal 500:
histograma 0 1 1 45:
ntotal 500:
histograma 1 0 9 12:
ntotal 500:
histograma 1 1 2 18:
ntotal 500:
histograma 1 0 2 20:
ntotal 500:
histograma 1 1 4 11:
ntotal 500:
histograma 0 0 3 26:
ntotal 500:
histograma 0 1 3 19:
ntotal 500:
histograma 1 0 1 22:
ntotal 500:
histograma 1 1 2 19:
ntotal 500:
histograma 0 0 6 26:
ntotal 500:
histograma 0 1 1 46:
ntotal 500:
histograma 0 0 0 55:
ntotal 500:
histograma 0 1 4 13:
ntotal 500:
histograma 0 0 0 56:
ntotal 500:
histograma 0 1 7 33:
ntotal 500:
histograma 0 0 5 45:
ntotal 500:
histograma 0 1 6 25:
ntotal 500:
histograma 0 0 1 19:
ntotal 500:
histograma 0 1 9 38:
ntotal 500:
histograma 1 0 1 23:
ntotal 500:
histograma 1 1 1 10:
ntotal 500:
histograma 0 0 5 46:
ntotal 500:
histograma 0 1 7 34:
ntotal 500:
histograma 0 0 9 45:
ntotal 500:
histograma 0 1 9 39:
ntotal 500:
histograma 1 0 9 13:
ntotal 500:
histograma 1 1 7 14:
ntotal 500:
histograma 1 0 8 17:
ntotal 500:
histograma 1 1 5 17:
ntotal 500:
histograma 0 0 8 22:
ntotal 500:
histograma 0 1 0 45:
ntotal 500:
histograma 0 0 4 31:
ntotal 500:
histograma 0 1 5 21:
ntotal 500:
histograma 0 0 5 47:
ntotal 500:
histograma 0 1 7 35:
ntotal 500:
histograma 0 0 0 57:
ntotal 500:
histograma 0 1 6 26:
ntotal 500:
histograma 0 0 9 46:
ntotal 500:
histograma 0 1 0 46:
ntotal 500:
histograma 0 0 0 58:
ntotal 500:
histograma 0 1 5 22:
ntotal 500:
histograma 0 0 9 47:
ntotal 500:
histograma 0 1 5 23:
ntotal 500:
histograma 0 0 9 48:
ntotal 500:
histograma 0 1 2 28:
ntotal 500:
histograma 1 0 2 21:
ntotal 500:
histograma 1 1 7 15:
ntotal 500:
histograma 0 0 5 48:
ntotal 500:
histograma 0 1 1 47:
ntotal 500:
histograma 1 0 0 17:
ntotal 500:
histograma 1 1 1 11:
ntotal 500:
histograma 0 0 0 59:
ntotal 500:
histograma 0 1 6 27:
ntotal 500:
histograma 0 0 4 32:
ntotal 500:
histograma 0 1 5 24:
ntotal 500:
histograma 0 0 9 49:
ntotal 500:
histograma 0 1 8 39:
ntotal 500:
histograma 0 0 8 23:
ntotal 500:
histograma 0 1 9 40:
ntotal 500:
histograma 0 0 8 24:
ntotal 500:
histograma 0 1 8 40:
ntotal 500:
histograma 1 0 8 18:
ntotal 500:
histograma 1 1 0 11:
ntotal 500:
histograma 1 0 9 14:
ntotal 500:
histograma 1 1 8 13:
ntotal 500:
histograma 1 0 9 15:
ntotal 500:
histograma 1 1 6 13:
ntotal 500:
histograma 0 0 1 20:
ntotal 500:
histograma 0 1 3 20:
ntotal 500:
histograma 0 0 5 49:
ntotal 500:
histograma 0 1 3 21:
ntotal 500:
histograma 0 0 7 20:
ntotal 500:
histograma 0 1 0 47:
ntotal 500:
histograma 0 0 0 60:
ntotal 500:
histograma 0 1 8 41:
ntotal 500:
histograma 0 0 9 50:
ntotal 500:
histograma 0 1 0 48:
ntotal 500:
histograma 1 0 1 24:
ntotal 500:
histograma 1 1 6 14:
ntotal 500:
histograma 0 0 0 61:
ntotal 500:
histograma 0 1 6 28:
ntotal 500:
histograma 1 0 1 25:
ntotal 500:
histograma 1 1 4 12:
ntotal 500:
histograma 0 0 2 18:
ntotal 500:
histograma 0 1 1 48:
ntotal 500:
histograma 0 0 9 51:
ntotal 500:
histograma 0 1 1 49:
ntotal 500:
histograma 0 0 5 50:
ntotal 500:
histograma 0 1 1 50:
ntotal 500:
histograma 0 0 5 51:
ntotal 500:
histograma 0 1 3 22:
ntotal 500:
histograma 1 0 2 22:
ntotal 500:
histograma 1 1 6 15:
ntotal 500:
histograma 0 0 8 25:
ntotal 500:
histograma 0 1 1 51:
ntotal 500:
histograma 0 0 6 27:
ntotal 500:
histograma 0 1 8 42:
ntotal 500:
histograma 0 0 4 33:
ntotal 500:
histograma 0 1 5 25:
ntotal 500:
histograma 0 0 7 21:
ntotal 500:
histograma 0 1 0 49:
ntotal 500:
histograma 0 0 0 62:
ntotal 500:
histograma 0 1 8 43:
ntotal 500:
histograma 0 0 8 26:
ntotal 500:
histograma 0 1 2 29:
ntotal 500:
histograma 0 0 0 63:
ntotal 500:
histograma 0 1 1 52:
ntotal 500:
histograma 0 0 5 52:
ntotal 500:
histograma 0 1 5 26:
ntotal 500:
histograma 0 0 2 19:
ntotal 500:
histograma 0 1 8 44:
ntotal 500:
histograma 0 0 8 27:
ntotal 500:
histograma 0 1 2 30:
ntotal 500:
histograma 0 0 0 64:
ntotal 500:
histograma 0 1 7 36:
ntotal 500:
histograma 0 0 1 21:
ntotal 500:
histograma 0 1 0 50:
ntotal 500:
histograma 0 0 8 28:
ntotal 500:
histograma 0 1 0 51:
ntotal 500:
histograma 1 0 1 26:
ntotal 500:
histograma 1 1 1 12:
ntotal 500:
histograma 0 0 5 53:
ntotal 500:
histograma 0 1 1 53:
ntotal 500:
histograma 0 0 1 22:
ntotal 500:
histograma 0 1 6 29:
ntotal 500:
histograma 1 0 7 13:
ntotal 500:
histograma 1 1 7 16:
ntotal 500:
histograma 0 0 0 65:
ntotal 500:
histograma 0 1 9 41:
ntotal 500:
histograma 1 0 9 16:
ntotal 500:
histograma 1 1 7 17:
ntotal 500:
histograma 1 0 7 14:
ntotal 500:
histograma 1 1 3 10:
ntotal 500:
histograma 1 0 9 17:
ntotal 500:
histograma 1 1 5 18:
ntotal 500:
histograma 0 0 0 66:
ntotal 500:
histograma 0 1 1 54:
ntotal 500:
histograma 0 0 0 67:
ntotal 500:
histograma 0 1 1 55:
ntotal 500:
histograma 0 0 6 28:
ntotal 500:
histograma 0 1 7 37:
ntotal 500:
histograma 0 0 9 52:
ntotal 500:
histograma 0 1 4 14:
ntotal 500:
histograma 0 0 4 34:
ntotal 500:
histograma 0 1 7 38:
ntotal 500:
histograma 0 0 7 22:
ntotal 500:
histograma 0 1 9 42:
ntotal 500:
histograma 0 0 5 54:
ntotal 500:
histograma 0 1 3 23:
ntotal 500:
histograma 0 0 9 53:
ntotal 500:
histograma 0 1 1 56:
ntotal 500:
histograma 0 0 5 55:
ntotal 500:
histograma 0 1 8 45:
ntotal 500:
histograma 0 0 0 68:
ntotal 500:
histograma 0 1 0 52:
ntotal 500:
histograma 0 0 0 69:
ntotal 500:
histograma 0 1 1 57:
ntotal 500:
histograma 0 0 0 70:
ntotal 500:
histograma 0 1 8 46:
ntotal 500:
histograma 1 0 0 18:
ntotal 500:
histograma 1 1 4 13:
ntotal 500:
histograma 0 0 0 71:
ntotal 500:
histograma 0 1 4 15:
ntotal 500:
histograma 0 0 8 29:
ntotal 500:
histograma 0 1 0 53:
ntotal 500:
histograma 1 0 2 23:
ntotal 500:
histograma 1 1 6 16:
ntotal 500:
histograma 0 0 7 23:
ntotal 500:
histograma 0 1 2 31:
ntotal 500:
histograma 1 0 8 19:
ntotal 500:
histograma 1 1 8 14:
ntotal 500:
histograma 0 0 4 35:
ntotal 500:
histograma 0 1 7 39:
ntotal 500:
histograma 1 0 1 27:
ntotal 500:
histograma 1 1 1 13:
ntotal 500:
histograma 0 0 6 29:
ntotal 500:
histograma 0 1 3 24:
ntotal 500:
histograma 0 0 5 56:
ntotal 500:
histograma 0 1 0 54:
ntotal 500:
histograma 0 0 9 54:
ntotal 500:
histograma 0 1 2 32:
ntotal 500:
histograma 1 0 2 24:
ntotal 500:
histograma 1 1 10 1:
ntotal 500:
histograma 0 0 0 72:
ntotal 500:
histograma 0 1 2 33:
total bucles 1000:

Prob clase: 0 es : 0.732000
 clase 0 cant:366
Prob clase: 1 es : 0.268000
 clase 1 cant:134
*********************************
HISTOGRAMA***********************
*********************************


histograma CLASE FEAT BIN CANT
histograma[0][0][0]	72
histograma[0][0][1]	22
histograma[0][0][2]	19
histograma[0][0][3]	26
histograma[0][0][4]	35
histograma[0][0][5]	56
histograma[0][0][6]	29
histograma[0][0][7]	23
histograma[0][0][8]	29
histograma[0][0][9]	54
histograma[0][1][0]	54
histograma[0][1][1]	57
histograma[0][1][2]	33
histograma[0][1][3]	24
histograma[0][1][4]	15
histograma[0][1][5]	26
histograma[0][1][6]	29
histograma[0][1][7]	39
histograma[0][1][8]	46
histograma[0][1][9]	42
histograma[1][0][0]	18
histograma[1][0][1]	27
histograma[1][0][2]	24
histograma[1][0][3]	7
histograma[1][0][4]	0
histograma[1][0][5]	0
histograma[1][0][6]	7
histograma[1][0][7]	14
histograma[1][0][8]	19
histograma[1][0][9]	17
histograma[1][1][0]	11
histograma[1][1][1]	13
histograma[1][1][2]	19
histograma[1][1][3]	10
histograma[1][1][4]	13
histograma[1][1][5]	18
histograma[1][1][6]	16
histograma[1][1][7]	17
histograma[1][1][8]	14
histograma[1][1][9]	2

Fin del entrenamiento.

Errores:
Entrenamiento:10.400000%
Validacion:10.400000%
Test:10.150000%
