
Naive Bayes con distribuciones normales:
Cantidad de entradas:32
Cantidad de clases:2
Archivo de patrones: temp_e/e_diagonal_32_7
Cantidad total de patrones: 200
Cantidad de patrones de entrenamiento: 200
Cantidad de patrones de validacion: 0
Cantidad de patrones de test: 10000
Semilla para la funcion rand(): 1259244146
Clase 0: 200 patrones , en 0 : mu: -1.311252 , sigma: 16.685282, cantidad total elementos: 100, probabilidad de la clase: 0.500000 
Clase 0: 200 patrones , en 1 : mu: -0.340799 , sigma: 19.681067, cantidad total elementos: 100, probabilidad de la clase: 0.500000 
Clase 0: 200 patrones , en 2 : mu: -1.044998 , sigma: 19.832211, cantidad total elementos: 100, probabilidad de la clase: 0.500000 
Clase 0: 200 patrones , en 3 : mu: -1.196413 , sigma: 19.673853, cantidad total elementos: 100, probabilidad de la clase: 0.500000 
Clase 0: 200 patrones , en 4 : mu: -1.095508 , sigma: 26.044413, cantidad total elementos: 100, probabilidad de la clase: 0.500000 
Clase 0: 200 patrones , en 5 : mu: -1.098681 , sigma: 20.981317, cantidad total elementos: 100, probabilidad de la clase: 0.500000 
Clase 0: 200 patrones , en 6 : mu: -0.475267 , sigma: 18.774826, cantidad total elementos: 100, probabilidad de la clase: 0.500000 
Clase 0: 200 patrones , en 7 : mu: -0.847313 , sigma: 19.242277, cantidad total elementos: 100, probabilidad de la clase: 0.500000 
Clase 0: 200 patrones , en 8 : mu: -0.873486 , sigma: 16.439353, cantidad total elementos: 100, probabilidad de la clase: 0.500000 
Clase 0: 200 patrones , en 9 : mu: -0.962166 , sigma: 21.132959, cantidad total elementos: 100, probabilidad de la clase: 0.500000 
Clase 0: 200 patrones , en 10 : mu: -1.258979 , sigma: 19.197095, cantidad total elementos: 100, probabilidad de la clase: 0.500000 
Clase 0: 200 patrones , en 11 : mu: -1.277163 , sigma: 20.268924, cantidad total elementos: 100, probabilidad de la clase: 0.500000 
Clase 0: 200 patrones , en 12 : mu: -0.722591 , sigma: 24.809862, cantidad total elementos: 100, probabilidad de la clase: 0.500000 
Clase 0: 200 patrones , en 13 : mu: -0.390543 , sigma: 19.328599, cantidad total elementos: 100, probabilidad de la clase: 0.500000 
Clase 0: 200 patrones , en 14 : mu: -0.836750 , sigma: 20.901229, cantidad total elementos: 100, probabilidad de la clase: 0.500000 
Clase 0: 200 patrones , en 15 : mu: -0.883857 , sigma: 23.876936, cantidad total elementos: 100, probabilidad de la clase: 0.500000 
Clase 0: 200 patrones , en 16 : mu: -1.126804 , sigma: 20.419958, cantidad total elementos: 100, probabilidad de la clase: 0.500000 
Clase 0: 200 patrones , en 17 : mu: -0.557927 , sigma: 17.137716, cantidad total elementos: 100, probabilidad de la clase: 0.500000 
Clase 0: 200 patrones , en 18 : mu: -1.004130 , sigma: 20.352624, cantidad total elementos: 100, probabilidad de la clase: 0.500000 
Clase 0: 200 patrones , en 19 : mu: -0.586983 , sigma: 20.937043, cantidad total elementos: 100, probabilidad de la clase: 0.500000 
Clase 0: 200 patrones , en 20 : mu: -0.825863 , sigma: 21.510991, cantidad total elementos: 100, probabilidad de la clase: 0.500000 
Clase 0: 200 patrones , en 21 : mu: -0.794424 , sigma: 20.630107, cantidad total elementos: 100, probabilidad de la clase: 0.500000 
Clase 0: 200 patrones , en 22 : mu: -1.900312 , sigma: 17.848585, cantidad total elementos: 100, probabilidad de la clase: 0.500000 
Clase 0: 200 patrones , en 23 : mu: -0.834911 , sigma: 21.340769, cantidad total elementos: 100, probabilidad de la clase: 0.500000 
Clase 0: 200 patrones , en 24 : mu: -1.643554 , sigma: 18.437985, cantidad total elementos: 100, probabilidad de la clase: 0.500000 
Clase 0: 200 patrones , en 25 : mu: -1.794693 , sigma: 20.795415, cantidad total elementos: 100, probabilidad de la clase: 0.500000 
Clase 0: 200 patrones , en 26 : mu: -1.043409 , sigma: 17.244777, cantidad total elementos: 100, probabilidad de la clase: 0.500000 
Clase 0: 200 patrones , en 27 : mu: -1.425424 , sigma: 19.684481, cantidad total elementos: 100, probabilidad de la clase: 0.500000 
Clase 0: 200 patrones , en 28 : mu: -1.678456 , sigma: 18.134626, cantidad total elementos: 100, probabilidad de la clase: 0.500000 
Clase 0: 200 patrones , en 29 : mu: -0.871326 , sigma: 23.553303, cantidad total elementos: 100, probabilidad de la clase: 0.500000 
Clase 0: 200 patrones , en 30 : mu: -0.648990 , sigma: 22.387903, cantidad total elementos: 100, probabilidad de la clase: 0.500000 
Clase 0: 200 patrones , en 31 : mu: -0.995696 , sigma: 17.444941, cantidad total elementos: 100, probabilidad de la clase: 0.500000 
Clase 1: 200 patrones , en 0 : mu: 0.681940 , sigma: 17.483161, cantidad total elementos: 100, probabilidad de la clase: 0.500000 
Clase 1: 200 patrones , en 1 : mu: 1.035738 , sigma: 21.310700, cantidad total elementos: 100, probabilidad de la clase: 0.500000 
Clase 1: 200 patrones , en 2 : mu: 1.533961 , sigma: 18.397630, cantidad total elementos: 100, probabilidad de la clase: 0.500000 
Clase 1: 200 patrones , en 3 : mu: 0.721488 , sigma: 19.180691, cantidad total elementos: 100, probabilidad de la clase: 0.500000 
Clase 1: 200 patrones , en 4 : mu: 0.941858 , sigma: 23.376040, cantidad total elementos: 100, probabilidad de la clase: 0.500000 
Clase 1: 200 patrones , en 5 : mu: 1.412090 , sigma: 15.795737, cantidad total elementos: 100, probabilidad de la clase: 0.500000 
Clase 1: 200 patrones , en 6 : mu: 0.174275 , sigma: 23.226629, cantidad total elementos: 100, probabilidad de la clase: 0.500000 
Clase 1: 200 patrones , en 7 : mu: 1.047180 , sigma: 21.190800, cantidad total elementos: 100, probabilidad de la clase: 0.500000 
Clase 1: 200 patrones , en 8 : mu: 0.214373 , sigma: 20.556928, cantidad total elementos: 100, probabilidad de la clase: 0.500000 
Clase 1: 200 patrones , en 9 : mu: 1.970660 , sigma: 18.598198, cantidad total elementos: 100, probabilidad de la clase: 0.500000 
Clase 1: 200 patrones , en 10 : mu: 1.065825 , sigma: 18.388793, cantidad total elementos: 100, probabilidad de la clase: 0.500000 
Clase 1: 200 patrones , en 11 : mu: 0.478764 , sigma: 19.961310, cantidad total elementos: 100, probabilidad de la clase: 0.500000 
Clase 1: 200 patrones , en 12 : mu: 1.027875 , sigma: 19.350599, cantidad total elementos: 100, probabilidad de la clase: 0.500000 
Clase 1: 200 patrones , en 13 : mu: 0.759870 , sigma: 20.302015, cantidad total elementos: 100, probabilidad de la clase: 0.500000 
Clase 1: 200 patrones , en 14 : mu: 1.214933 , sigma: 16.060947, cantidad total elementos: 100, probabilidad de la clase: 0.500000 
Clase 1: 200 patrones , en 15 : mu: 1.242004 , sigma: 21.093227, cantidad total elementos: 100, probabilidad de la clase: 0.500000 
Clase 1: 200 patrones , en 16 : mu: 0.953930 , sigma: 20.121603, cantidad total elementos: 100, probabilidad de la clase: 0.500000 
Clase 1: 200 patrones , en 17 : mu: 1.309664 , sigma: 20.633044, cantidad total elementos: 100, probabilidad de la clase: 0.500000 
Clase 1: 200 patrones , en 18 : mu: 1.916765 , sigma: 19.639725, cantidad total elementos: 100, probabilidad de la clase: 0.500000 
Clase 1: 200 patrones , en 19 : mu: 1.174506 , sigma: 16.075309, cantidad total elementos: 100, probabilidad de la clase: 0.500000 
Clase 1: 200 patrones , en 20 : mu: 0.607237 , sigma: 15.059025, cantidad total elementos: 100, probabilidad de la clase: 0.500000 
Clase 1: 200 patrones , en 21 : mu: 1.617816 , sigma: 16.201600, cantidad total elementos: 100, probabilidad de la clase: 0.500000 
Clase 1: 200 patrones , en 22 : mu: 0.394830 , sigma: 13.581810, cantidad total elementos: 100, probabilidad de la clase: 0.500000 
Clase 1: 200 patrones , en 23 : mu: 0.701205 , sigma: 25.594384, cantidad total elementos: 100, probabilidad de la clase: 0.500000 
Clase 1: 200 patrones , en 24 : mu: 1.699287 , sigma: 15.972055, cantidad total elementos: 100, probabilidad de la clase: 0.500000 
Clase 1: 200 patrones , en 25 : mu: 1.460653 , sigma: 20.423247, cantidad total elementos: 100, probabilidad de la clase: 0.500000 
Clase 1: 200 patrones , en 26 : mu: 1.623457 , sigma: 20.025279, cantidad total elementos: 100, probabilidad de la clase: 0.500000 
Clase 1: 200 patrones , en 27 : mu: 1.190597 , sigma: 17.073430, cantidad total elementos: 100, probabilidad de la clase: 0.500000 
Clase 1: 200 patrones , en 28 : mu: 1.019676 , sigma: 18.584680, cantidad total elementos: 100, probabilidad de la clase: 0.500000 
Clase 1: 200 patrones , en 29 : mu: 1.366971 , sigma: 17.194627, cantidad total elementos: 100, probabilidad de la clase: 0.500000 
Clase 1: 200 patrones , en 30 : mu: 1.033019 , sigma: 18.384011, cantidad total elementos: 100, probabilidad de la clase: 0.500000 
Clase 1: 200 patrones , en 31 : mu: 0.729467 , sigma: 18.944133, cantidad total elementos: 100, probabilidad de la clase: 0.500000 
Fin del entrenamiento.

Errores:
Entrenamiento:4.000000%
Validacion:4.000000%
Test:12.080000%
