
Naive Bayes con distribuciones normales:
Cantidad de entradas:4
Cantidad de clases:2
Archivo de patrones: temp_e/e_diagonal_4_4
Cantidad total de patrones: 200
Cantidad de patrones de entrenamiento: 200
Cantidad de patrones de validacion: 0
Cantidad de patrones de test: 10000
Semilla para la funcion rand(): -274084609
Clase 0: 200 patrones , en 0 : mu: -1.097526 , sigma: 2.334329, cantidad total elementos: 100, probabilidad de la clase: 0.500000 
Clase 0: 200 patrones , en 1 : mu: -0.867542 , sigma: 2.680904, cantidad total elementos: 100, probabilidad de la clase: 0.500000 
Clase 0: 200 patrones , en 2 : mu: -1.026151 , sigma: 2.711170, cantidad total elementos: 100, probabilidad de la clase: 0.500000 
Clase 0: 200 patrones , en 3 : mu: -1.494610 , sigma: 2.019492, cantidad total elementos: 100, probabilidad de la clase: 0.500000 
Clase 1: 200 patrones , en 0 : mu: 0.688994 , sigma: 2.524794, cantidad total elementos: 100, probabilidad de la clase: 0.500000 
Clase 1: 200 patrones , en 1 : mu: 1.083759 , sigma: 2.453308, cantidad total elementos: 100, probabilidad de la clase: 0.500000 
Clase 1: 200 patrones , en 2 : mu: 1.237753 , sigma: 2.143469, cantidad total elementos: 100, probabilidad de la clase: 0.500000 
Clase 1: 200 patrones , en 3 : mu: 0.698681 , sigma: 1.740718, cantidad total elementos: 100, probabilidad de la clase: 0.500000 
Fin del entrenamiento.

Errores:
Entrenamiento:10.000000%
Validacion:10.000000%
Test:10.880000%
