
Naive Bayes con distribuciones normales:
Cantidad de entradas:32
Cantidad de clases:2
Archivo de patrones: temp_e/e_diagonal_32_6
Cantidad total de patrones: 200
Cantidad de patrones de entrenamiento: 200
Cantidad de patrones de validacion: 0
Cantidad de patrones de test: 10000
Semilla para la funcion rand(): -2080460659
Clase 0: 200 patrones , en 0 : mu: -1.482721 , sigma: 15.822314, cantidad total elementos: 100, probabilidad de la clase: 0.500000 
Clase 0: 200 patrones , en 1 : mu: -0.878673 , sigma: 21.385192, cantidad total elementos: 100, probabilidad de la clase: 0.500000 
Clase 0: 200 patrones , en 2 : mu: -1.022998 , sigma: 16.040026, cantidad total elementos: 100, probabilidad de la clase: 0.500000 
Clase 0: 200 patrones , en 3 : mu: -1.356590 , sigma: 20.912040, cantidad total elementos: 100, probabilidad de la clase: 0.500000 
Clase 0: 200 patrones , en 4 : mu: -0.650991 , sigma: 20.552404, cantidad total elementos: 100, probabilidad de la clase: 0.500000 
Clase 0: 200 patrones , en 5 : mu: -1.190323 , sigma: 21.637372, cantidad total elementos: 100, probabilidad de la clase: 0.500000 
Clase 0: 200 patrones , en 6 : mu: -1.027502 , sigma: 22.302515, cantidad total elementos: 100, probabilidad de la clase: 0.500000 
Clase 0: 200 patrones , en 7 : mu: -1.027685 , sigma: 23.722842, cantidad total elementos: 100, probabilidad de la clase: 0.500000 
Clase 0: 200 patrones , en 8 : mu: -1.956581 , sigma: 21.318919, cantidad total elementos: 100, probabilidad de la clase: 0.500000 
Clase 0: 200 patrones , en 9 : mu: -0.768299 , sigma: 19.613172, cantidad total elementos: 100, probabilidad de la clase: 0.500000 
Clase 0: 200 patrones , en 10 : mu: -0.888095 , sigma: 21.850153, cantidad total elementos: 100, probabilidad de la clase: 0.500000 
Clase 0: 200 patrones , en 11 : mu: -0.823755 , sigma: 18.167941, cantidad total elementos: 100, probabilidad de la clase: 0.500000 
Clase 0: 200 patrones , en 12 : mu: -0.844084 , sigma: 24.097915, cantidad total elementos: 100, probabilidad de la clase: 0.500000 
Clase 0: 200 patrones , en 13 : mu: -0.766364 , sigma: 23.069400, cantidad total elementos: 100, probabilidad de la clase: 0.500000 
Clase 0: 200 patrones , en 14 : mu: -0.710903 , sigma: 23.126166, cantidad total elementos: 100, probabilidad de la clase: 0.500000 
Clase 0: 200 patrones , en 15 : mu: -0.804134 , sigma: 20.338948, cantidad total elementos: 100, probabilidad de la clase: 0.500000 
Clase 0: 200 patrones , en 16 : mu: -0.650060 , sigma: 23.003840, cantidad total elementos: 100, probabilidad de la clase: 0.500000 
Clase 0: 200 patrones , en 17 : mu: -1.488144 , sigma: 20.910284, cantidad total elementos: 100, probabilidad de la clase: 0.500000 
Clase 0: 200 patrones , en 18 : mu: -0.640119 , sigma: 18.971674, cantidad total elementos: 100, probabilidad de la clase: 0.500000 
Clase 0: 200 patrones , en 19 : mu: -1.527559 , sigma: 20.635441, cantidad total elementos: 100, probabilidad de la clase: 0.500000 
Clase 0: 200 patrones , en 20 : mu: -1.438879 , sigma: 24.928883, cantidad total elementos: 100, probabilidad de la clase: 0.500000 
Clase 0: 200 patrones , en 21 : mu: -0.829098 , sigma: 25.330499, cantidad total elementos: 100, probabilidad de la clase: 0.500000 
Clase 0: 200 patrones , en 22 : mu: -1.256834 , sigma: 16.806658, cantidad total elementos: 100, probabilidad de la clase: 0.500000 
Clase 0: 200 patrones , en 23 : mu: -1.011439 , sigma: 17.312021, cantidad total elementos: 100, probabilidad de la clase: 0.500000 
Clase 0: 200 patrones , en 24 : mu: -0.647873 , sigma: 20.785566, cantidad total elementos: 100, probabilidad de la clase: 0.500000 
Clase 0: 200 patrones , en 25 : mu: -0.689015 , sigma: 17.808009, cantidad total elementos: 100, probabilidad de la clase: 0.500000 
Clase 0: 200 patrones , en 26 : mu: -1.232872 , sigma: 17.595525, cantidad total elementos: 100, probabilidad de la clase: 0.500000 
Clase 0: 200 patrones , en 27 : mu: -0.981528 , sigma: 22.986313, cantidad total elementos: 100, probabilidad de la clase: 0.500000 
Clase 0: 200 patrones , en 28 : mu: -1.509723 , sigma: 17.745375, cantidad total elementos: 100, probabilidad de la clase: 0.500000 
Clase 0: 200 patrones , en 29 : mu: -0.991391 , sigma: 19.438903, cantidad total elementos: 100, probabilidad de la clase: 0.500000 
Clase 0: 200 patrones , en 30 : mu: -0.942016 , sigma: 15.813090, cantidad total elementos: 100, probabilidad de la clase: 0.500000 
Clase 0: 200 patrones , en 31 : mu: -0.960561 , sigma: 17.140281, cantidad total elementos: 100, probabilidad de la clase: 0.500000 
Clase 1: 200 patrones , en 0 : mu: 0.624019 , sigma: 19.366418, cantidad total elementos: 100, probabilidad de la clase: 0.500000 
Clase 1: 200 patrones , en 1 : mu: 1.017278 , sigma: 13.894504, cantidad total elementos: 100, probabilidad de la clase: 0.500000 
Clase 1: 200 patrones , en 2 : mu: 1.077520 , sigma: 20.357983, cantidad total elementos: 100, probabilidad de la clase: 0.500000 
Clase 1: 200 patrones , en 3 : mu: 1.618158 , sigma: 19.409909, cantidad total elementos: 100, probabilidad de la clase: 0.500000 
Clase 1: 200 patrones , en 4 : mu: 1.399434 , sigma: 19.536642, cantidad total elementos: 100, probabilidad de la clase: 0.500000 
Clase 1: 200 patrones , en 5 : mu: 1.253621 , sigma: 15.833818, cantidad total elementos: 100, probabilidad de la clase: 0.500000 
Clase 1: 200 patrones , en 6 : mu: 0.893034 , sigma: 15.222538, cantidad total elementos: 100, probabilidad de la clase: 0.500000 
Clase 1: 200 patrones , en 7 : mu: 1.121344 , sigma: 21.135444, cantidad total elementos: 100, probabilidad de la clase: 0.500000 
Clase 1: 200 patrones , en 8 : mu: 0.680369 , sigma: 17.662126, cantidad total elementos: 100, probabilidad de la clase: 0.500000 
Clase 1: 200 patrones , en 9 : mu: 1.522013 , sigma: 23.604041, cantidad total elementos: 100, probabilidad de la clase: 0.500000 
Clase 1: 200 patrones , en 10 : mu: 0.298369 , sigma: 17.840089, cantidad total elementos: 100, probabilidad de la clase: 0.500000 
Clase 1: 200 patrones , en 11 : mu: 0.897599 , sigma: 22.670531, cantidad total elementos: 100, probabilidad de la clase: 0.500000 
Clase 1: 200 patrones , en 12 : mu: 0.980322 , sigma: 21.650430, cantidad total elementos: 100, probabilidad de la clase: 0.500000 
Clase 1: 200 patrones , en 13 : mu: 1.168415 , sigma: 23.152343, cantidad total elementos: 100, probabilidad de la clase: 0.500000 
Clase 1: 200 patrones , en 14 : mu: 1.176902 , sigma: 19.475881, cantidad total elementos: 100, probabilidad de la clase: 0.500000 
Clase 1: 200 patrones , en 15 : mu: 0.602244 , sigma: 21.654473, cantidad total elementos: 100, probabilidad de la clase: 0.500000 
Clase 1: 200 patrones , en 16 : mu: -0.060234 , sigma: 16.803276, cantidad total elementos: 100, probabilidad de la clase: 0.500000 
Clase 1: 200 patrones , en 17 : mu: 1.166970 , sigma: 19.814436, cantidad total elementos: 100, probabilidad de la clase: 0.500000 
Clase 1: 200 patrones , en 18 : mu: 0.911681 , sigma: 21.542728, cantidad total elementos: 100, probabilidad de la clase: 0.500000 
Clase 1: 200 patrones , en 19 : mu: 0.998335 , sigma: 15.903864, cantidad total elementos: 100, probabilidad de la clase: 0.500000 
Clase 1: 200 patrones , en 20 : mu: 1.118718 , sigma: 14.075866, cantidad total elementos: 100, probabilidad de la clase: 0.500000 
Clase 1: 200 patrones , en 21 : mu: 1.610815 , sigma: 19.158188, cantidad total elementos: 100, probabilidad de la clase: 0.500000 
Clase 1: 200 patrones , en 22 : mu: 1.559157 , sigma: 20.040294, cantidad total elementos: 100, probabilidad de la clase: 0.500000 
Clase 1: 200 patrones , en 23 : mu: 0.393335 , sigma: 17.442502, cantidad total elementos: 100, probabilidad de la clase: 0.500000 
Clase 1: 200 patrones , en 24 : mu: 0.733825 , sigma: 21.981064, cantidad total elementos: 100, probabilidad de la clase: 0.500000 
Clase 1: 200 patrones , en 25 : mu: 0.946332 , sigma: 19.683015, cantidad total elementos: 100, probabilidad de la clase: 0.500000 
Clase 1: 200 patrones , en 26 : mu: 0.557796 , sigma: 16.804070, cantidad total elementos: 100, probabilidad de la clase: 0.500000 
Clase 1: 200 patrones , en 27 : mu: 1.404708 , sigma: 18.736424, cantidad total elementos: 100, probabilidad de la clase: 0.500000 
Clase 1: 200 patrones , en 28 : mu: 1.044537 , sigma: 17.035477, cantidad total elementos: 100, probabilidad de la clase: 0.500000 
Clase 1: 200 patrones , en 29 : mu: 1.191409 , sigma: 20.230515, cantidad total elementos: 100, probabilidad de la clase: 0.500000 
Clase 1: 200 patrones , en 30 : mu: 1.623300 , sigma: 24.199098, cantidad total elementos: 100, probabilidad de la clase: 0.500000 
Clase 1: 200 patrones , en 31 : mu: 1.392328 , sigma: 15.552687, cantidad total elementos: 100, probabilidad de la clase: 0.500000 
Fin del entrenamiento.

Errores:
Entrenamiento:9.000000%
Validacion:9.000000%
Test:12.160000%
