
Naive Bayes con distribuciones normales:
Cantidad de entradas:4
Cantidad de clases:2
Archivo de patrones: temp_e/e_diagonal_4_5
Cantidad total de patrones: 200
Cantidad de patrones de entrenamiento: 200
Cantidad de patrones de validacion: 0
Cantidad de patrones de test: 10000
Semilla para la funcion rand(): -1274976499
Clase 0: 200 patrones , en 0 : mu: -1.066873 , sigma: 2.028284, cantidad total elementos: 100, probabilidad de la clase: 0.500000 
Clase 0: 200 patrones , en 1 : mu: -0.893388 , sigma: 2.662951, cantidad total elementos: 100, probabilidad de la clase: 0.500000 
Clase 0: 200 patrones , en 2 : mu: -1.104949 , sigma: 2.569229, cantidad total elementos: 100, probabilidad de la clase: 0.500000 
Clase 0: 200 patrones , en 3 : mu: -0.970594 , sigma: 1.745255, cantidad total elementos: 100, probabilidad de la clase: 0.500000 
Clase 1: 200 patrones , en 0 : mu: 1.084185 , sigma: 2.402809, cantidad total elementos: 100, probabilidad de la clase: 0.500000 
Clase 1: 200 patrones , en 1 : mu: 1.133293 , sigma: 2.177670, cantidad total elementos: 100, probabilidad de la clase: 0.500000 
Clase 1: 200 patrones , en 2 : mu: 0.900047 , sigma: 2.461510, cantidad total elementos: 100, probabilidad de la clase: 0.500000 
Clase 1: 200 patrones , en 3 : mu: 0.861478 , sigma: 2.218291, cantidad total elementos: 100, probabilidad de la clase: 0.500000 
Fin del entrenamiento.

Errores:
Entrenamiento:10.500000%
Validacion:10.500000%
Test:10.370000%
