
Naive Bayes con distribuciones normales:
Cantidad de entradas:4
Cantidad de clases:2
Archivo de patrones: temp_e/e_diagonal_4_7
Cantidad total de patrones: 200
Cantidad de patrones de entrenamiento: 200
Cantidad de patrones de validacion: 0
Cantidad de patrones de test: 10000
Semilla para la funcion rand(): -1295493062
Clase 0: 200 patrones , en 0 : mu: -0.958659 , sigma: 2.751009, cantidad total elementos: 100, probabilidad de la clase: 0.500000 
Clase 0: 200 patrones , en 1 : mu: -1.116912 , sigma: 2.379226, cantidad total elementos: 100, probabilidad de la clase: 0.500000 
Clase 0: 200 patrones , en 2 : mu: -1.115981 , sigma: 2.907083, cantidad total elementos: 100, probabilidad de la clase: 0.500000 
Clase 0: 200 patrones , en 3 : mu: -1.219954 , sigma: 2.030973, cantidad total elementos: 100, probabilidad de la clase: 0.500000 
Clase 1: 200 patrones , en 0 : mu: 0.995254 , sigma: 2.437071, cantidad total elementos: 100, probabilidad de la clase: 0.500000 
Clase 1: 200 patrones , en 1 : mu: 1.037049 , sigma: 2.109636, cantidad total elementos: 100, probabilidad de la clase: 0.500000 
Clase 1: 200 patrones , en 2 : mu: 1.248508 , sigma: 2.990849, cantidad total elementos: 100, probabilidad de la clase: 0.500000 
Clase 1: 200 patrones , en 3 : mu: 0.864302 , sigma: 2.402171, cantidad total elementos: 100, probabilidad de la clase: 0.500000 
Fin del entrenamiento.

Errores:
Entrenamiento:9.500000%
Validacion:9.500000%
Test:10.210000%
