
Naive Bayes con distribuciones normales:
Cantidad de entradas:16
Cantidad de clases:2
Archivo de patrones: temp_e/e_diagonal_16_3
Cantidad total de patrones: 200
Cantidad de patrones de entrenamiento: 200
Cantidad de patrones de validacion: 0
Cantidad de patrones de test: 10000
Semilla para la funcion rand(): -279260104
Clase 0: 200 patrones , en 0 : mu: -1.118567 , sigma: 9.408525, cantidad total elementos: 100, probabilidad de la clase: 0.500000 
Clase 0: 200 patrones , en 1 : mu: -1.198988 , sigma: 10.478726, cantidad total elementos: 100, probabilidad de la clase: 0.500000 
Clase 0: 200 patrones , en 2 : mu: -0.591202 , sigma: 11.522296, cantidad total elementos: 100, probabilidad de la clase: 0.500000 
Clase 0: 200 patrones , en 3 : mu: -1.540638 , sigma: 10.241717, cantidad total elementos: 100, probabilidad de la clase: 0.500000 
Clase 0: 200 patrones , en 4 : mu: -0.825546 , sigma: 8.747624, cantidad total elementos: 100, probabilidad de la clase: 0.500000 
Clase 0: 200 patrones , en 5 : mu: -0.379066 , sigma: 10.049906, cantidad total elementos: 100, probabilidad de la clase: 0.500000 
Clase 0: 200 patrones , en 6 : mu: -0.887770 , sigma: 10.311173, cantidad total elementos: 100, probabilidad de la clase: 0.500000 
Clase 0: 200 patrones , en 7 : mu: -0.509399 , sigma: 12.360652, cantidad total elementos: 100, probabilidad de la clase: 0.500000 
Clase 0: 200 patrones , en 8 : mu: -1.767180 , sigma: 7.122565, cantidad total elementos: 100, probabilidad de la clase: 0.500000 
Clase 0: 200 patrones , en 9 : mu: -0.607793 , sigma: 9.520163, cantidad total elementos: 100, probabilidad de la clase: 0.500000 
Clase 0: 200 patrones , en 10 : mu: -0.894404 , sigma: 10.674913, cantidad total elementos: 100, probabilidad de la clase: 0.500000 
Clase 0: 200 patrones , en 11 : mu: -0.726132 , sigma: 9.167219, cantidad total elementos: 100, probabilidad de la clase: 0.500000 
Clase 0: 200 patrones , en 12 : mu: -1.063951 , sigma: 10.363052, cantidad total elementos: 100, probabilidad de la clase: 0.500000 
Clase 0: 200 patrones , en 13 : mu: -1.432357 , sigma: 11.528725, cantidad total elementos: 100, probabilidad de la clase: 0.500000 
Clase 0: 200 patrones , en 14 : mu: -0.809471 , sigma: 12.557299, cantidad total elementos: 100, probabilidad de la clase: 0.500000 
Clase 0: 200 patrones , en 15 : mu: -1.185438 , sigma: 8.396274, cantidad total elementos: 100, probabilidad de la clase: 0.500000 
Clase 1: 200 patrones , en 0 : mu: 0.732930 , sigma: 10.153822, cantidad total elementos: 100, probabilidad de la clase: 0.500000 
Clase 1: 200 patrones , en 1 : mu: 1.218691 , sigma: 9.572072, cantidad total elementos: 100, probabilidad de la clase: 0.500000 
Clase 1: 200 patrones , en 2 : mu: 0.678608 , sigma: 10.605160, cantidad total elementos: 100, probabilidad de la clase: 0.500000 
Clase 1: 200 patrones , en 3 : mu: 0.884361 , sigma: 8.607013, cantidad total elementos: 100, probabilidad de la clase: 0.500000 
Clase 1: 200 patrones , en 4 : mu: 1.503150 , sigma: 10.239393, cantidad total elementos: 100, probabilidad de la clase: 0.500000 
Clase 1: 200 patrones , en 5 : mu: 1.169155 , sigma: 9.475385, cantidad total elementos: 100, probabilidad de la clase: 0.500000 
Clase 1: 200 patrones , en 6 : mu: 1.145555 , sigma: 9.503895, cantidad total elementos: 100, probabilidad de la clase: 0.500000 
Clase 1: 200 patrones , en 7 : mu: 0.859586 , sigma: 10.668015, cantidad total elementos: 100, probabilidad de la clase: 0.500000 
Clase 1: 200 patrones , en 8 : mu: 0.952147 , sigma: 8.885654, cantidad total elementos: 100, probabilidad de la clase: 0.500000 
Clase 1: 200 patrones , en 9 : mu: 1.196052 , sigma: 10.614458, cantidad total elementos: 100, probabilidad de la clase: 0.500000 
Clase 1: 200 patrones , en 10 : mu: 1.597829 , sigma: 11.701721, cantidad total elementos: 100, probabilidad de la clase: 0.500000 
Clase 1: 200 patrones , en 11 : mu: 0.923723 , sigma: 9.475577, cantidad total elementos: 100, probabilidad de la clase: 0.500000 
Clase 1: 200 patrones , en 12 : mu: 1.391593 , sigma: 9.940673, cantidad total elementos: 100, probabilidad de la clase: 0.500000 
Clase 1: 200 patrones , en 13 : mu: 1.150810 , sigma: 12.051927, cantidad total elementos: 100, probabilidad de la clase: 0.500000 
Clase 1: 200 patrones , en 14 : mu: 1.004468 , sigma: 10.987197, cantidad total elementos: 100, probabilidad de la clase: 0.500000 
Clase 1: 200 patrones , en 15 : mu: 1.242040 , sigma: 7.896102, cantidad total elementos: 100, probabilidad de la clase: 0.500000 
Fin del entrenamiento.

Errores:
Entrenamiento:9.000000%
Validacion:9.000000%
Test:11.080000%
