
Naive Bayes con distribuciones normales:
Cantidad de entradas:4
Cantidad de clases:2
Archivo de patrones: temp_e/e_paralelo_4_3
Cantidad total de patrones: 200
Cantidad de patrones de entrenamiento: 200
Cantidad de patrones de validacion: 0
Cantidad de patrones de test: 10000
Semilla para la funcion rand(): 2027877446
Clase 0: 200 patrones , en 0 : mu: -1.112963 , sigma: 0.636808, cantidad total elementos: 100, probabilidad de la clase: 0.500000 
Clase 0: 200 patrones , en 1 : mu: -0.108299 , sigma: 0.427745, cantidad total elementos: 100, probabilidad de la clase: 0.500000 
Clase 0: 200 patrones , en 2 : mu: -0.064004 , sigma: 0.607078, cantidad total elementos: 100, probabilidad de la clase: 0.500000 
Clase 0: 200 patrones , en 3 : mu: 0.044434 , sigma: 0.636049, cantidad total elementos: 100, probabilidad de la clase: 0.500000 
Clase 1: 200 patrones , en 0 : mu: 1.127406 , sigma: 0.569781, cantidad total elementos: 100, probabilidad de la clase: 0.500000 
Clase 1: 200 patrones , en 1 : mu: -0.000080 , sigma: 0.468333, cantidad total elementos: 100, probabilidad de la clase: 0.500000 
Clase 1: 200 patrones , en 2 : mu: 0.097213 , sigma: 0.741677, cantidad total elementos: 100, probabilidad de la clase: 0.500000 
Clase 1: 200 patrones , en 3 : mu: -0.139582 , sigma: 0.550932, cantidad total elementos: 100, probabilidad de la clase: 0.500000 
Fin del entrenamiento.

Errores:
Entrenamiento:7.000000%
Validacion:7.000000%
Test:10.250000%
