
Naive Bayes con distribuciones normales:
Cantidad de entradas:16
Cantidad de clases:2
Archivo de patrones: temp_e/e_paralelo_16_10
Cantidad total de patrones: 200
Cantidad de patrones de entrenamiento: 200
Cantidad de patrones de validacion: 0
Cantidad de patrones de test: 10000
Semilla para la funcion rand(): 876139213
Clase 0: 200 patrones , en 0 : mu: -1.058924 , sigma: 0.549778, cantidad total elementos: 100, probabilidad de la clase: 0.500000 
Clase 0: 200 patrones , en 1 : mu: 0.118404 , sigma: 0.633257, cantidad total elementos: 100, probabilidad de la clase: 0.500000 
Clase 0: 200 patrones , en 2 : mu: -0.007098 , sigma: 0.564890, cantidad total elementos: 100, probabilidad de la clase: 0.500000 
Clase 0: 200 patrones , en 3 : mu: -0.070162 , sigma: 0.727898, cantidad total elementos: 100, probabilidad de la clase: 0.500000 
Clase 0: 200 patrones , en 4 : mu: 0.064905 , sigma: 0.642174, cantidad total elementos: 100, probabilidad de la clase: 0.500000 
Clase 0: 200 patrones , en 5 : mu: -0.013112 , sigma: 0.502856, cantidad total elementos: 100, probabilidad de la clase: 0.500000 
Clase 0: 200 patrones , en 6 : mu: 0.056879 , sigma: 0.524318, cantidad total elementos: 100, probabilidad de la clase: 0.500000 
Clase 0: 200 patrones , en 7 : mu: 0.001761 , sigma: 0.721885, cantidad total elementos: 100, probabilidad de la clase: 0.500000 
Clase 0: 200 patrones , en 8 : mu: -0.013143 , sigma: 0.521209, cantidad total elementos: 100, probabilidad de la clase: 0.500000 
Clase 0: 200 patrones , en 9 : mu: -0.129832 , sigma: 0.562202, cantidad total elementos: 100, probabilidad de la clase: 0.500000 
Clase 0: 200 patrones , en 10 : mu: -0.028549 , sigma: 0.492023, cantidad total elementos: 100, probabilidad de la clase: 0.500000 
Clase 0: 200 patrones , en 11 : mu: -0.107482 , sigma: 0.728535, cantidad total elementos: 100, probabilidad de la clase: 0.500000 
Clase 0: 200 patrones , en 12 : mu: 0.038256 , sigma: 0.536888, cantidad total elementos: 100, probabilidad de la clase: 0.500000 
Clase 0: 200 patrones , en 13 : mu: -0.073124 , sigma: 0.646147, cantidad total elementos: 100, probabilidad de la clase: 0.500000 
Clase 0: 200 patrones , en 14 : mu: 0.041902 , sigma: 0.723267, cantidad total elementos: 100, probabilidad de la clase: 0.500000 
Clase 0: 200 patrones , en 15 : mu: -0.112803 , sigma: 0.661929, cantidad total elementos: 100, probabilidad de la clase: 0.500000 
Clase 1: 200 patrones , en 0 : mu: 0.930150 , sigma: 0.516836, cantidad total elementos: 100, probabilidad de la clase: 0.500000 
Clase 1: 200 patrones , en 1 : mu: -0.014451 , sigma: 0.751745, cantidad total elementos: 100, probabilidad de la clase: 0.500000 
Clase 1: 200 patrones , en 2 : mu: 0.081224 , sigma: 0.606334, cantidad total elementos: 100, probabilidad de la clase: 0.500000 
Clase 1: 200 patrones , en 3 : mu: 0.095107 , sigma: 0.486883, cantidad total elementos: 100, probabilidad de la clase: 0.500000 
Clase 1: 200 patrones , en 4 : mu: 0.067707 , sigma: 0.487416, cantidad total elementos: 100, probabilidad de la clase: 0.500000 
Clase 1: 200 patrones , en 5 : mu: 0.050540 , sigma: 0.676162, cantidad total elementos: 100, probabilidad de la clase: 0.500000 
Clase 1: 200 patrones , en 6 : mu: -0.026247 , sigma: 0.631828, cantidad total elementos: 100, probabilidad de la clase: 0.500000 
Clase 1: 200 patrones , en 7 : mu: 0.001131 , sigma: 0.576043, cantidad total elementos: 100, probabilidad de la clase: 0.500000 
Clase 1: 200 patrones , en 8 : mu: 0.028540 , sigma: 0.529721, cantidad total elementos: 100, probabilidad de la clase: 0.500000 
Clase 1: 200 patrones , en 9 : mu: -0.033147 , sigma: 0.588115, cantidad total elementos: 100, probabilidad de la clase: 0.500000 
Clase 1: 200 patrones , en 10 : mu: 0.030101 , sigma: 0.601657, cantidad total elementos: 100, probabilidad de la clase: 0.500000 
Clase 1: 200 patrones , en 11 : mu: -0.025493 , sigma: 0.647619, cantidad total elementos: 100, probabilidad de la clase: 0.500000 
Clase 1: 200 patrones , en 12 : mu: -0.027455 , sigma: 0.622325, cantidad total elementos: 100, probabilidad de la clase: 0.500000 
Clase 1: 200 patrones , en 13 : mu: 0.048022 , sigma: 0.673102, cantidad total elementos: 100, probabilidad de la clase: 0.500000 
Clase 1: 200 patrones , en 14 : mu: 0.021641 , sigma: 0.462329, cantidad total elementos: 100, probabilidad de la clase: 0.500000 
Clase 1: 200 patrones , en 15 : mu: -0.054996 , sigma: 0.600909, cantidad total elementos: 100, probabilidad de la clase: 0.500000 
Fin del entrenamiento.

Errores:
Entrenamiento:9.500000%
Validacion:9.500000%
Test:10.890000%
