
Naive Bayes con distribuciones normales:
Cantidad de entradas:32
Cantidad de clases:2
Archivo de patrones: temp_e/e_paralelo_32_7
Cantidad total de patrones: 200
Cantidad de patrones de entrenamiento: 200
Cantidad de patrones de validacion: 0
Cantidad de patrones de test: 10000
Semilla para la funcion rand(): 652308196
Clase 0: 200 patrones , en 0 : mu: -1.169772 , sigma: 0.510310, cantidad total elementos: 100, probabilidad de la clase: 0.500000 
Clase 0: 200 patrones , en 1 : mu: 0.033196 , sigma: 0.569774, cantidad total elementos: 100, probabilidad de la clase: 0.500000 
Clase 0: 200 patrones , en 2 : mu: -0.102993 , sigma: 0.626142, cantidad total elementos: 100, probabilidad de la clase: 0.500000 
Clase 0: 200 patrones , en 3 : mu: -0.051861 , sigma: 0.648717, cantidad total elementos: 100, probabilidad de la clase: 0.500000 
Clase 0: 200 patrones , en 4 : mu: 0.141675 , sigma: 0.609261, cantidad total elementos: 100, probabilidad de la clase: 0.500000 
Clase 0: 200 patrones , en 5 : mu: 0.012065 , sigma: 0.679121, cantidad total elementos: 100, probabilidad de la clase: 0.500000 
Clase 0: 200 patrones , en 6 : mu: 0.144410 , sigma: 0.912582, cantidad total elementos: 100, probabilidad de la clase: 0.500000 
Clase 0: 200 patrones , en 7 : mu: 0.024871 , sigma: 0.554798, cantidad total elementos: 100, probabilidad de la clase: 0.500000 
Clase 0: 200 patrones , en 8 : mu: 0.017074 , sigma: 0.632836, cantidad total elementos: 100, probabilidad de la clase: 0.500000 
Clase 0: 200 patrones , en 9 : mu: -0.080439 , sigma: 0.613460, cantidad total elementos: 100, probabilidad de la clase: 0.500000 
Clase 0: 200 patrones , en 10 : mu: 0.038019 , sigma: 0.610876, cantidad total elementos: 100, probabilidad de la clase: 0.500000 
Clase 0: 200 patrones , en 11 : mu: 0.053011 , sigma: 0.597199, cantidad total elementos: 100, probabilidad de la clase: 0.500000 
Clase 0: 200 patrones , en 12 : mu: -0.046333 , sigma: 0.728131, cantidad total elementos: 100, probabilidad de la clase: 0.500000 
Clase 0: 200 patrones , en 13 : mu: -0.022213 , sigma: 0.650564, cantidad total elementos: 100, probabilidad de la clase: 0.500000 
Clase 0: 200 patrones , en 14 : mu: 0.035041 , sigma: 0.605829, cantidad total elementos: 100, probabilidad de la clase: 0.500000 
Clase 0: 200 patrones , en 15 : mu: -0.004480 , sigma: 0.545277, cantidad total elementos: 100, probabilidad de la clase: 0.500000 
Clase 0: 200 patrones , en 16 : mu: -0.017445 , sigma: 0.637978, cantidad total elementos: 100, probabilidad de la clase: 0.500000 
Clase 0: 200 patrones , en 17 : mu: -0.036145 , sigma: 0.614058, cantidad total elementos: 100, probabilidad de la clase: 0.500000 
Clase 0: 200 patrones , en 18 : mu: -0.068143 , sigma: 0.635256, cantidad total elementos: 100, probabilidad de la clase: 0.500000 
Clase 0: 200 patrones , en 19 : mu: 0.045675 , sigma: 0.502413, cantidad total elementos: 100, probabilidad de la clase: 0.500000 
Clase 0: 200 patrones , en 20 : mu: -0.074416 , sigma: 0.475399, cantidad total elementos: 100, probabilidad de la clase: 0.500000 
Clase 0: 200 patrones , en 21 : mu: -0.040289 , sigma: 0.642311, cantidad total elementos: 100, probabilidad de la clase: 0.500000 
Clase 0: 200 patrones , en 22 : mu: 0.046915 , sigma: 0.649365, cantidad total elementos: 100, probabilidad de la clase: 0.500000 
Clase 0: 200 patrones , en 23 : mu: 0.078412 , sigma: 0.538926, cantidad total elementos: 100, probabilidad de la clase: 0.500000 
Clase 0: 200 patrones , en 24 : mu: -0.036485 , sigma: 0.581983, cantidad total elementos: 100, probabilidad de la clase: 0.500000 
Clase 0: 200 patrones , en 25 : mu: -0.075413 , sigma: 0.641367, cantidad total elementos: 100, probabilidad de la clase: 0.500000 
Clase 0: 200 patrones , en 26 : mu: -0.087220 , sigma: 0.584223, cantidad total elementos: 100, probabilidad de la clase: 0.500000 
Clase 0: 200 patrones , en 27 : mu: -0.050362 , sigma: 0.516106, cantidad total elementos: 100, probabilidad de la clase: 0.500000 
Clase 0: 200 patrones , en 28 : mu: 0.152569 , sigma: 0.706017, cantidad total elementos: 100, probabilidad de la clase: 0.500000 
Clase 0: 200 patrones , en 29 : mu: 0.014119 , sigma: 0.557239, cantidad total elementos: 100, probabilidad de la clase: 0.500000 
Clase 0: 200 patrones , en 30 : mu: -0.015021 , sigma: 0.646144, cantidad total elementos: 100, probabilidad de la clase: 0.500000 
Clase 0: 200 patrones , en 31 : mu: 0.034303 , sigma: 0.562226, cantidad total elementos: 100, probabilidad de la clase: 0.500000 
Clase 1: 200 patrones , en 0 : mu: 1.061595 , sigma: 0.525182, cantidad total elementos: 100, probabilidad de la clase: 0.500000 
Clase 1: 200 patrones , en 1 : mu: 0.050641 , sigma: 0.719313, cantidad total elementos: 100, probabilidad de la clase: 0.500000 
Clase 1: 200 patrones , en 2 : mu: -0.101516 , sigma: 0.581227, cantidad total elementos: 100, probabilidad de la clase: 0.500000 
Clase 1: 200 patrones , en 3 : mu: 0.014303 , sigma: 0.612528, cantidad total elementos: 100, probabilidad de la clase: 0.500000 
Clase 1: 200 patrones , en 4 : mu: 0.046521 , sigma: 0.585317, cantidad total elementos: 100, probabilidad de la clase: 0.500000 
Clase 1: 200 patrones , en 5 : mu: -0.048999 , sigma: 0.431963, cantidad total elementos: 100, probabilidad de la clase: 0.500000 
Clase 1: 200 patrones , en 6 : mu: 0.064753 , sigma: 0.659637, cantidad total elementos: 100, probabilidad de la clase: 0.500000 
Clase 1: 200 patrones , en 7 : mu: 0.175764 , sigma: 0.675646, cantidad total elementos: 100, probabilidad de la clase: 0.500000 
Clase 1: 200 patrones , en 8 : mu: -0.170272 , sigma: 0.658805, cantidad total elementos: 100, probabilidad de la clase: 0.500000 
Clase 1: 200 patrones , en 9 : mu: 0.017812 , sigma: 0.662657, cantidad total elementos: 100, probabilidad de la clase: 0.500000 
Clase 1: 200 patrones , en 10 : mu: 0.077378 , sigma: 0.482711, cantidad total elementos: 100, probabilidad de la clase: 0.500000 
Clase 1: 200 patrones , en 11 : mu: 0.062460 , sigma: 0.644582, cantidad total elementos: 100, probabilidad de la clase: 0.500000 
Clase 1: 200 patrones , en 12 : mu: -0.107704 , sigma: 0.685148, cantidad total elementos: 100, probabilidad de la clase: 0.500000 
Clase 1: 200 patrones , en 13 : mu: 0.055825 , sigma: 0.473481, cantidad total elementos: 100, probabilidad de la clase: 0.500000 
Clase 1: 200 patrones , en 14 : mu: 0.087320 , sigma: 0.568031, cantidad total elementos: 100, probabilidad de la clase: 0.500000 
Clase 1: 200 patrones , en 15 : mu: -0.056431 , sigma: 0.796246, cantidad total elementos: 100, probabilidad de la clase: 0.500000 
Clase 1: 200 patrones , en 16 : mu: -0.015997 , sigma: 0.447730, cantidad total elementos: 100, probabilidad de la clase: 0.500000 
Clase 1: 200 patrones , en 17 : mu: 0.106205 , sigma: 0.488046, cantidad total elementos: 100, probabilidad de la clase: 0.500000 
Clase 1: 200 patrones , en 18 : mu: -0.096307 , sigma: 0.586159, cantidad total elementos: 100, probabilidad de la clase: 0.500000 
Clase 1: 200 patrones , en 19 : mu: 0.014953 , sigma: 0.603583, cantidad total elementos: 100, probabilidad de la clase: 0.500000 
Clase 1: 200 patrones , en 20 : mu: 0.044203 , sigma: 0.601945, cantidad total elementos: 100, probabilidad de la clase: 0.500000 
Clase 1: 200 patrones , en 21 : mu: -0.074410 , sigma: 0.796685, cantidad total elementos: 100, probabilidad de la clase: 0.500000 
Clase 1: 200 patrones , en 22 : mu: -0.038204 , sigma: 0.543916, cantidad total elementos: 100, probabilidad de la clase: 0.500000 
Clase 1: 200 patrones , en 23 : mu: -0.061913 , sigma: 0.544481, cantidad total elementos: 100, probabilidad de la clase: 0.500000 
Clase 1: 200 patrones , en 24 : mu: -0.030853 , sigma: 0.670846, cantidad total elementos: 100, probabilidad de la clase: 0.500000 
Clase 1: 200 patrones , en 25 : mu: 0.008789 , sigma: 0.543591, cantidad total elementos: 100, probabilidad de la clase: 0.500000 
Clase 1: 200 patrones , en 26 : mu: -0.139389 , sigma: 0.728984, cantidad total elementos: 100, probabilidad de la clase: 0.500000 
Clase 1: 200 patrones , en 27 : mu: 0.065959 , sigma: 0.516019, cantidad total elementos: 100, probabilidad de la clase: 0.500000 
Clase 1: 200 patrones , en 28 : mu: 0.042561 , sigma: 0.718974, cantidad total elementos: 100, probabilidad de la clase: 0.500000 
Clase 1: 200 patrones , en 29 : mu: -0.069575 , sigma: 0.627397, cantidad total elementos: 100, probabilidad de la clase: 0.500000 
Clase 1: 200 patrones , en 30 : mu: -0.052153 , sigma: 0.568598, cantidad total elementos: 100, probabilidad de la clase: 0.500000 
Clase 1: 200 patrones , en 31 : mu: -0.033829 , sigma: 0.746349, cantidad total elementos: 100, probabilidad de la clase: 0.500000 
Fin del entrenamiento.

Errores:
Entrenamiento:5.000000%
Validacion:5.000000%
Test:10.980000%
